#
# There is insufficient memory for the Java Runtime Environment to continue.
# Native memory allocation (malloc) failed to allocate 451376 bytes. Error detail: Chunk::new
# Possible reasons:
#   The system is out of physical RAM or swap space
#   This process is running with CompressedOops enabled, and the Java Heap may be blocking the growth of the native heap
# Possible solutions:
#   Reduce memory load on the system
#   Increase physical memory or swap space
#   Check if swap backing store is full
#   Decrease Java heap size (-Xmx/-Xms)
#   Decrease number of Java threads
#   Decrease Java thread stack sizes (-Xss)
#   Set larger code cache with -XX:ReservedCodeCacheSize=
#   JVM is running with Unscaled Compressed Oops mode in which the Java heap is
#     placed in the first 4GB address space. The Java Heap base address is the
#     maximum limit for the native heap growth. Please use -XX:HeapBaseMinAddress
#     to set the Java Heap base and to place the Java Heap above 4GB virtual address.
# This output file may be truncated or incomplete.
#
#  Out of Memory Error (arena.cpp:168), pid=27800, tid=28348
#
# JRE version: OpenJDK Runtime Environment Temurin-21.0.7+6 (21.0.7+6) (build 21.0.7+6-LTS)
# Java VM: OpenJDK 64-Bit Server VM Temurin-21.0.7+6 (21.0.7+6-LTS, mixed mode, sharing, tiered, compressed oops, compressed class ptrs, parallel gc, windows-amd64)
# No core dump will be written. Minidumps are not enabled by default on client versions of Windows
#

---------------  S U M M A R Y ------------

Command Line: --add-modules=ALL-SYSTEM --add-opens=java.base/java.util=ALL-UNNAMED --add-opens=java.base/java.lang=ALL-UNNAMED --add-opens=java.base/sun.nio.fs=ALL-UNNAMED -Declipse.application=org.eclipse.jdt.ls.core.id1 -Dosgi.bundles.defaultStartLevel=4 -Declipse.product=org.eclipse.jdt.ls.core.product -Djava.import.generatesMetadataFilesAtProjectRoot=false -DDetectVMInstallationsJob.disabled=true -Dfile.encoding=utf8 -XX:+UseParallelGC -XX:GCTimeRatio=4 -XX:AdaptiveSizePolicyWeight=90 -Dsun.zip.disableMemoryMapping=true -Xmx1G -Xms100m -Xlog:disable -javaagent:c:\Users\rojas\.vscode\extensions\redhat.java-1.42.0-win32-x64\lombok\lombok-1.18.36.jar c:\Users\rojas\.vscode\extensions\redhat.java-1.42.0-win32-x64\server\plugins\org.eclipse.equinox.launcher_1.7.0.v20250424-1814.jar -configuration c:\Users\rojas\AppData\Roaming\Code\User\globalStorage\redhat.java\1.42.0\config_ss_win -data c:\Users\rojas\AppData\Roaming\Code\User\workspaceStorage\bd24c3acd4f3adb2521aed7918b5d10d\redhat.java\ss_ws --pipe=\\.\pipe\lsp-a9484fe6601344368cc9f0a97b2af19d-sock

Host: 11th Gen Intel(R) Core(TM) i5-11400H @ 2.70GHz, 12 cores, 7G,  Windows 11 , 64 bit Build 26100 (10.0.26100.3912)
Time: Thu May 29 22:00:58 2025 Hora est. Sudamérica Pacífico elapsed time: 7.679606 seconds (0d 0h 0m 7s)

---------------  T H R E A D  ---------------

Current thread (0x000002019934c760):  JavaThread "C2 CompilerThread0" daemon [_thread_in_native, id=28348, stack(0x0000009235a00000,0x0000009235b00000) (1024K)]


Current CompileTask:
C2:7679 2309       4       jdk.internal.org.objectweb.asm.Frame::execute (2305 bytes)

Stack: [0x0000009235a00000,0x0000009235b00000]
Native frames: (J=compiled Java code, j=interpreted, Vv=VM code, C=native code)
V  [jvm.dll+0x6ce119]
V  [jvm.dll+0x8a84a1]
V  [jvm.dll+0x8aa9ce]
V  [jvm.dll+0x8ab0b3]
V  [jvm.dll+0x27f8a6]
V  [jvm.dll+0xc507d]
V  [jvm.dll+0xc55b3]
V  [jvm.dll+0x3b68f2]
V  [jvm.dll+0x382aa5]
V  [jvm.dll+0x381f0a]
V  [jvm.dll+0x247af0]
V  [jvm.dll+0x2470cf]
V  [jvm.dll+0x1c760e]
V  [jvm.dll+0x25695a]
V  [jvm.dll+0x254efa]
V  [jvm.dll+0x3f03f6]
V  [jvm.dll+0x851f6b]
V  [jvm.dll+0x6cc7dd]
C  [ucrtbase.dll+0x37b0]
C  [KERNEL32.DLL+0x2e8d7]
C  [ntdll.dll+0x9c5dc]


---------------  P R O C E S S  ---------------

Threads class SMR info:
_java_thread_list=0x00000201e1b82cf0, length=17, elements={
0x0000020182b92770, 0x000002019933fd70, 0x0000020199341750, 0x0000020199345820,
0x0000020199346470, 0x0000020199348ed0, 0x0000020199349920, 0x000002019934c760,
0x00000201db8cfed0, 0x00000201db956df0, 0x00000201dbc39c50, 0x00000201e15d8190,
0x00000201e18cbea0, 0x00000201e18cd510, 0x00000201e1b52de0, 0x00000201e12b8ec0,
0x00000201e1642340
}

Java Threads: ( => current thread )
  0x0000020182b92770 JavaThread "main"                              [_thread_blocked, id=22360, stack(0x0000009235000000,0x0000009235100000) (1024K)]
  0x000002019933fd70 JavaThread "Reference Handler"          daemon [_thread_blocked, id=28300, stack(0x0000009235400000,0x0000009235500000) (1024K)]
  0x0000020199341750 JavaThread "Finalizer"                  daemon [_thread_blocked, id=28296, stack(0x0000009235500000,0x0000009235600000) (1024K)]
  0x0000020199345820 JavaThread "Signal Dispatcher"          daemon [_thread_blocked, id=28240, stack(0x0000009235600000,0x0000009235700000) (1024K)]
  0x0000020199346470 JavaThread "Attach Listener"            daemon [_thread_blocked, id=27260, stack(0x0000009235700000,0x0000009235800000) (1024K)]
  0x0000020199348ed0 JavaThread "Service Thread"             daemon [_thread_blocked, id=24608, stack(0x0000009235800000,0x0000009235900000) (1024K)]
  0x0000020199349920 JavaThread "Monitor Deflation Thread"   daemon [_thread_blocked, id=28656, stack(0x0000009235900000,0x0000009235a00000) (1024K)]
=>0x000002019934c760 JavaThread "C2 CompilerThread0"         daemon [_thread_in_native, id=28348, stack(0x0000009235a00000,0x0000009235b00000) (1024K)]
  0x00000201db8cfed0 JavaThread "C1 CompilerThread0"         daemon [_thread_blocked, id=10604, stack(0x0000009235b00000,0x0000009235c00000) (1024K)]
  0x00000201db956df0 JavaThread "Common-Cleaner"             daemon [_thread_blocked, id=27820, stack(0x0000009235c00000,0x0000009235d00000) (1024K)]
  0x00000201dbc39c50 JavaThread "Notification Thread"        daemon [_thread_blocked, id=28604, stack(0x0000009235d00000,0x0000009235e00000) (1024K)]
  0x00000201e15d8190 JavaThread "Active Thread: Equinox Container: 3253ee12-b7d3-493f-bc9e-28fcd2a2b6d0"        [_thread_blocked, id=28332, stack(0x0000009236400000,0x0000009236500000) (1024K)]
  0x00000201e18cbea0 JavaThread "Framework Event Dispatcher: Equinox Container: 3253ee12-b7d3-493f-bc9e-28fcd2a2b6d0" daemon [_thread_blocked, id=28132, stack(0x0000009236500000,0x0000009236600000) (1024K)]
  0x00000201e18cd510 JavaThread "Start Level: Equinox Container: 3253ee12-b7d3-493f-bc9e-28fcd2a2b6d0" daemon [_thread_blocked, id=27976, stack(0x0000009236600000,0x0000009236700000) (1024K)]
  0x00000201e1b52de0 JavaThread "SCR Component Actor"        daemon [_thread_blocked, id=26668, stack(0x0000009236700000,0x0000009236800000) (1024K)]
  0x00000201e12b8ec0 JavaThread "SCR Component Registry"     daemon [_thread_blocked, id=24768, stack(0x0000009236900000,0x0000009236a00000) (1024K)]
  0x00000201e1642340 JavaThread "Worker-JM"                         [_thread_blocked, id=12476, stack(0x0000009236a00000,0x0000009236b00000) (1024K)]
Total: 17

Other Threads:
  0x0000020199334940 VMThread "VM Thread"                           [id=28336, stack(0x0000009235300000,0x0000009235400000) (1024K)]
  0x0000020184fd2e70 WatcherThread "VM Periodic Task Thread"        [id=27704, stack(0x0000009235200000,0x0000009235300000) (1024K)]
  0x0000020184f851e0 WorkerThread "GC Thread#0"                     [id=27760, stack(0x0000009235100000,0x0000009235200000) (1024K)]
  0x00000201e1007cb0 WorkerThread "GC Thread#1"                     [id=25240, stack(0x0000009235e00000,0x0000009235f00000) (1024K)]
  0x00000201e1040420 WorkerThread "GC Thread#2"                     [id=6952, stack(0x0000009235f00000,0x0000009236000000) (1024K)]
  0x00000201e143cea0 WorkerThread "GC Thread#3"                     [id=9448, stack(0x0000009236000000,0x0000009236100000) (1024K)]
  0x00000201e143d240 WorkerThread "GC Thread#4"                     [id=27676, stack(0x0000009236100000,0x0000009236200000) (1024K)]
  0x00000201e143d5e0 WorkerThread "GC Thread#5"                     [id=27836, stack(0x0000009236200000,0x0000009236300000) (1024K)]
  0x00000201e11375a0 WorkerThread "GC Thread#6"                     [id=28152, stack(0x0000009236300000,0x0000009236400000) (1024K)]
  0x00000201e1b51850 WorkerThread "GC Thread#7"                     [id=25872, stack(0x0000009236800000,0x0000009236900000) (1024K)]
Total: 10

Threads with active compile tasks:
C2 CompilerThread0  7707 2309       4       jdk.internal.org.objectweb.asm.Frame::execute (2305 bytes)
C1 CompilerThread0  7708 2324       3       sun.net.www.protocol.file.Handler::parseURL (18 bytes)
Total: 2

VM state: at safepoint (normal execution)

VM Mutex/Monitor currently owned by a thread:  ([mutex/lock_event])
[0x00007ff86fd2e308] Threads_lock - owner thread: 0x0000020199334940
[0x00007ff86fd2e408] Heap_lock - owner thread: 0x00000201e18cd510

Heap address: 0x00000000c0000000, size: 1024 MB, Compressed Oops mode: 32-bit

CDS archive(s) mapped at: [0x000002019a000000-0x000002019aba0000-0x000002019aba0000), size 12189696, SharedBaseAddress: 0x000002019a000000, ArchiveRelocationMode: 1.
Compressed class space mapped at: 0x000002019b000000-0x00000201db000000, reserved size: 1073741824
Narrow klass base: 0x000002019a000000, Narrow klass shift: 0, Narrow klass range: 0x100000000

GC Precious Log:
 CardTable entry size: 512
 CPUs: 12 total, 12 available
 Memory: 7830M
 Large Page Support: Disabled
 NUMA Support: Disabled
 Compressed Oops: Enabled (32-bit)
 Alignments: Space 512K, Generation 512K, Heap 2M
 Heap Min Capacity: 100M
 Heap Initial Capacity: 100M
 Heap Max Capacity: 1G
 Pre-touch: Disabled
 Parallel Workers: 10

Heap:
 PSYoungGen      total 29696K, used 29670K [0x00000000eab00000, 0x00000000ecc00000, 0x0000000100000000)
  eden space 25600K, 100% used [0x00000000eab00000,0x00000000ec400000,0x00000000ec400000)
  from space 4096K, 99% used [0x00000000ec800000,0x00000000ecbf9870,0x00000000ecc00000)
  to   space 4096K, 93% used [0x00000000ec400000,0x00000000ec7bf748,0x00000000ec800000)
 ParOldGen       total 68608K, used 976K [0x00000000c0000000, 0x00000000c4300000, 0x00000000eab00000)
  object space 68608K, 1% used [0x00000000c0000000,0x00000000c00f4020,0x00000000c4300000)
 Metaspace       used 13083K, committed 13568K, reserved 1114112K
  class space    used 1338K, committed 1536K, reserved 1048576K

Card table byte_map: [0x0000020184900000,0x0000020184b10000] _byte_map_base: 0x0000020184300000

Marking Bits: (ParMarkBitMap*) 0x00007ff86fd331f0
 Begin Bits: [0x0000020197150000, 0x0000020198150000)
 End Bits:   [0x0000020198150000, 0x0000020199150000)

Polling page: 0x00000201845a0000

Metaspace:

Usage:
  Non-class:     11.47 MB used.
      Class:      1.31 MB used.
       Both:     12.78 MB used.

Virtual space:
  Non-class space:       64.00 MB reserved,      11.75 MB ( 18%) committed,  1 nodes.
      Class space:        1.00 GB reserved,       1.50 MB ( <1%) committed,  1 nodes.
             Both:        1.06 GB reserved,      13.25 MB (  1%) committed. 

Chunk freelists:
   Non-Class:  4.21 MB
       Class:  14.46 MB
        Both:  18.67 MB

MaxMetaspaceSize: unlimited
CompressedClassSpaceSize: 1.00 GB
Initial GC threshold: 21.00 MB
Current GC threshold: 21.00 MB
CDS: on
 - commit_granule_bytes: 65536.
 - commit_granule_words: 8192.
 - virtual_space_node_default_size: 8388608.
 - enlarge_chunks_in_place: 1.
 - use_allocation_guard: 0.


Internal statistics:

num_allocs_failed_limit: 0.
num_arena_births: 408.
num_arena_deaths: 0.
num_vsnodes_births: 2.
num_vsnodes_deaths: 0.
num_space_committed: 212.
num_space_uncommitted: 0.
num_chunks_returned_to_freelist: 0.
num_chunks_taken_from_freelist: 821.
num_chunk_merges: 0.
num_chunk_splits: 547.
num_chunks_enlarged: 353.
num_inconsistent_stats: 0.

CodeHeap 'non-profiled nmethods': size=120000Kb used=987Kb max_used=987Kb free=119012Kb
 bounds [0x000002018fc20000, 0x000002018fe90000, 0x0000020197150000]
CodeHeap 'profiled nmethods': size=120000Kb used=4370Kb max_used=4370Kb free=115629Kb
 bounds [0x0000020188150000, 0x00000201885a0000, 0x000002018f680000]
CodeHeap 'non-nmethods': size=5760Kb used=1262Kb max_used=1281Kb free=4497Kb
 bounds [0x000002018f680000, 0x000002018f8f0000, 0x000002018fc20000]
 total_blobs=2839 nmethods=2319 adapters=426
 compilation: enabled
              stopped_count=0, restarted_count=0
 full_count=0

Compilation events (20 events):
Event: 7.658 Thread 0x00000201db8cfed0 2301       3       jdk.internal.org.objectweb.asm.MethodWriter::visitLdcInsn (215 bytes)
Event: 7.659 Thread 0x00000201db8cfed0 nmethod 2301 0x0000020188586310 code [0x00000201885865a0, 0x0000020188587028]
Event: 7.659 Thread 0x00000201db8cfed0 2304       3       java.lang.invoke.MethodHandles$Lookup::resolveOrFail (48 bytes)
Event: 7.659 Thread 0x00000201db8cfed0 nmethod 2304 0x0000020188587490 code [0x00000201885876e0, 0x0000020188587d90]
Event: 7.660 Thread 0x00000201db8cfed0 2307       3       jdk.internal.org.objectweb.asm.FieldWriter::visitEnd (1 bytes)
Event: 7.660 Thread 0x00000201db8cfed0 nmethod 2307 0x0000020188588090 code [0x0000020188588220, 0x0000020188588328]
Event: 7.660 Thread 0x00000201db8cfed0 2308       3       java.lang.invoke.LambdaFormBuffer::insertName (106 bytes)
Event: 7.660 Thread 0x00000201db8cfed0 nmethod 2308 0x0000020188588390 code [0x0000020188588560, 0x0000020188588788]
Event: 7.661 Thread 0x000002019934c760 2309       4       jdk.internal.org.objectweb.asm.Frame::execute (2305 bytes)
Event: 7.667 Thread 0x00000201db8cfed0 2312       3       java.lang.invoke.LambdaFormEditor::bindArgumentType (101 bytes)
Event: 7.667 Thread 0x00000201db8cfed0 nmethod 2312 0x0000020188588890 code [0x0000020188588a40, 0x0000020188588c58]
Event: 7.667 Thread 0x00000201db8cfed0 2313       3       java.lang.invoke.LambdaFormEditor::bindArgumentForm (255 bytes)
Event: 7.669 Thread 0x00000201db8cfed0 nmethod 2313 0x0000020188588d90 code [0x0000020188589140, 0x000002018858a550]
Event: 7.669 Thread 0x00000201db8cfed0 2314       3       java.lang.invoke.LambdaFormEditor$TransformKey::of (49 bytes)
Event: 7.669 Thread 0x00000201db8cfed0 nmethod 2314 0x000002018858af10 code [0x000002018858b120, 0x000002018858b658]
Event: 7.669 Thread 0x00000201db8cfed0 2315       3       java.lang.invoke.LambdaFormEditor$TransformKey::bval (26 bytes)
Event: 7.669 Thread 0x00000201db8cfed0 nmethod 2315 0x000002018858b890 code [0x000002018858ba20, 0x000002018858bb28]
Event: 7.670 Thread 0x00000201db8cfed0 2316       1       java.lang.reflect.Method::getSharedParameterTypes (5 bytes)
Event: 7.670 Thread 0x00000201db8cfed0 nmethod 2316 0x000002018fd16810 code [0x000002018fd169a0, 0x000002018fd16a68]
Event: 7.675 Thread 0x00000201db8cfed0 2317       3       sun.nio.fs.WindowsPathParser::normalize (233 bytes)

GC Heap History (4 events):
Event: 3.460 GC heap before
{Heap before GC invocations=1 (full 0):
 PSYoungGen      total 29696K, used 25600K [0x00000000eab00000, 0x00000000ecc00000, 0x0000000100000000)
  eden space 25600K, 100% used [0x00000000eab00000,0x00000000ec400000,0x00000000ec400000)
  from space 4096K, 0% used [0x00000000ec800000,0x00000000ec800000,0x00000000ecc00000)
  to   space 4096K, 0% used [0x00000000ec400000,0x00000000ec400000,0x00000000ec800000)
 ParOldGen       total 68608K, used 0K [0x00000000c0000000, 0x00000000c4300000, 0x00000000eab00000)
  object space 68608K, 0% used [0x00000000c0000000,0x00000000c0000000,0x00000000c4300000)
 Metaspace       used 4357K, committed 4608K, reserved 1114112K
  class space    used 461K, committed 576K, reserved 1048576K
}
Event: 3.480 GC heap after
{Heap after GC invocations=1 (full 0):
 PSYoungGen      total 29696K, used 3270K [0x00000000eab00000, 0x00000000ecc00000, 0x0000000100000000)
  eden space 25600K, 0% used [0x00000000eab00000,0x00000000eab00000,0x00000000ec400000)
  from space 4096K, 79% used [0x00000000ec400000,0x00000000ec731870,0x00000000ec800000)
  to   space 4096K, 0% used [0x00000000ec800000,0x00000000ec800000,0x00000000ecc00000)
 ParOldGen       total 68608K, used 8K [0x00000000c0000000, 0x00000000c4300000, 0x00000000eab00000)
  object space 68608K, 0% used [0x00000000c0000000,0x00000000c0002000,0x00000000c4300000)
 Metaspace       used 4357K, committed 4608K, reserved 1114112K
  class space    used 461K, committed 576K, reserved 1048576K
}
Event: 5.888 GC heap before
{Heap before GC invocations=2 (full 0):
 PSYoungGen      total 29696K, used 28870K [0x00000000eab00000, 0x00000000ecc00000, 0x0000000100000000)
  eden space 25600K, 100% used [0x00000000eab00000,0x00000000ec400000,0x00000000ec400000)
  from space 4096K, 79% used [0x00000000ec400000,0x00000000ec731870,0x00000000ec800000)
  to   space 4096K, 0% used [0x00000000ec800000,0x00000000ec800000,0x00000000ecc00000)
 ParOldGen       total 68608K, used 8K [0x00000000c0000000, 0x00000000c4300000, 0x00000000eab00000)
  object space 68608K, 0% used [0x00000000c0000000,0x00000000c0002000,0x00000000c4300000)
 Metaspace       used 8319K, committed 8704K, reserved 1114112K
  class space    used 851K, committed 1024K, reserved 1048576K
}
Event: 5.896 GC heap after
{Heap after GC invocations=2 (full 0):
 PSYoungGen      total 29696K, used 4070K [0x00000000eab00000, 0x00000000ecc00000, 0x0000000100000000)
  eden space 25600K, 0% used [0x00000000eab00000,0x00000000eab00000,0x00000000ec400000)
  from space 4096K, 99% used [0x00000000ec800000,0x00000000ecbf9870,0x00000000ecc00000)
  to   space 4096K, 0% used [0x00000000ec400000,0x00000000ec400000,0x00000000ec800000)
 ParOldGen       total 68608K, used 904K [0x00000000c0000000, 0x00000000c4300000, 0x00000000eab00000)
  object space 68608K, 1% used [0x00000000c0000000,0x00000000c00e2010,0x00000000c4300000)
 Metaspace       used 8319K, committed 8704K, reserved 1114112K
  class space    used 851K, committed 1024K, reserved 1048576K
}

Dll operation events (9 events):
Event: 0.069 Loaded shared library c:\Users\rojas\.vscode\extensions\redhat.java-1.42.0-win32-x64\jre\21.0.7-win32-x86_64\bin\java.dll
Event: 0.236 Loaded shared library c:\Users\rojas\.vscode\extensions\redhat.java-1.42.0-win32-x64\jre\21.0.7-win32-x86_64\bin\zip.dll
Event: 0.287 Loaded shared library C:\Users\rojas\.vscode\extensions\redhat.java-1.42.0-win32-x64\jre\21.0.7-win32-x86_64\bin\instrument.dll
Event: 0.300 Loaded shared library C:\Users\rojas\.vscode\extensions\redhat.java-1.42.0-win32-x64\jre\21.0.7-win32-x86_64\bin\net.dll
Event: 0.310 Loaded shared library C:\Users\rojas\.vscode\extensions\redhat.java-1.42.0-win32-x64\jre\21.0.7-win32-x86_64\bin\nio.dll
Event: 0.322 Loaded shared library C:\Users\rojas\.vscode\extensions\redhat.java-1.42.0-win32-x64\jre\21.0.7-win32-x86_64\bin\zip.dll
Event: 0.379 Loaded shared library C:\Users\rojas\.vscode\extensions\redhat.java-1.42.0-win32-x64\jre\21.0.7-win32-x86_64\bin\jimage.dll
Event: 0.631 Loaded shared library c:\Users\rojas\.vscode\extensions\redhat.java-1.42.0-win32-x64\jre\21.0.7-win32-x86_64\bin\verify.dll
Event: 5.791 Loaded shared library C:\Users\rojas\AppData\Roaming\Code\User\globalStorage\redhat.java\1.42.0\config_ss_win\org.eclipse.equinox.launcher\org.eclipse.equinox.launcher.win32.win32.x86_64_1.2.1300.v20250331-1702\eclipse_11911.dll

Deoptimization events (20 events):
Event: 6.971 Thread 0x00000201e18cd510 Uncommon trap: trap_request=0xffffff45 fr.pc=0x000002018fc7e4f0 relative=0x0000000000000490
Event: 6.971 Thread 0x00000201e18cd510 Uncommon trap: reason=unstable_if action=reinterpret pc=0x000002018fc7e4f0 method=java.util.jar.Manifest$FastInputStream.readLine([BII)I @ 106 c2
Event: 6.971 Thread 0x00000201e18cd510 DEOPT PACKING pc=0x000002018fc7e4f0 sp=0x00000092366fddc0
Event: 6.971 Thread 0x00000201e18cd510 DEOPT UNPACKING pc=0x000002018f6d6da2 sp=0x00000092366fdd70 mode 2
Event: 6.971 Thread 0x00000201e18cd510 Uncommon trap: trap_request=0xffffff45 fr.pc=0x000002018fc8e53c relative=0x000000000000009c
Event: 6.971 Thread 0x00000201e18cd510 Uncommon trap: reason=unstable_if action=reinterpret pc=0x000002018fc8e53c method=java.util.jar.Manifest$FastInputStream.peek()B @ 8 c2
Event: 6.971 Thread 0x00000201e18cd510 DEOPT PACKING pc=0x000002018fc8e53c sp=0x00000092366fde90
Event: 6.971 Thread 0x00000201e18cd510 DEOPT UNPACKING pc=0x000002018f6d6da2 sp=0x00000092366fde28 mode 2
Event: 7.177 Thread 0x00000201e18cd510 Uncommon trap: trap_request=0xffffff45 fr.pc=0x000002018fcfed14 relative=0x00000000000004b4
Event: 7.177 Thread 0x00000201e18cd510 Uncommon trap: reason=unstable_if action=reinterpret pc=0x000002018fcfed14 method=java.io.BufferedInputStream.implRead()I @ 8 c2
Event: 7.177 Thread 0x00000201e18cd510 DEOPT PACKING pc=0x000002018fcfed14 sp=0x00000092366f7980
Event: 7.177 Thread 0x00000201e18cd510 DEOPT UNPACKING pc=0x000002018f6d6da2 sp=0x00000092366f77e8 mode 2
Event: 7.187 Thread 0x00000201e18cd510 Uncommon trap: trap_request=0xffffff45 fr.pc=0x000002018fcf7e9c relative=0x00000000000003fc
Event: 7.187 Thread 0x00000201e18cd510 Uncommon trap: reason=unstable_if action=reinterpret pc=0x000002018fcf7e9c method=java.io.BufferedInputStream.implRead()I @ 8 c2
Event: 7.187 Thread 0x00000201e18cd510 DEOPT PACKING pc=0x000002018fcf7e9c sp=0x00000092366f7760
Event: 7.187 Thread 0x00000201e18cd510 DEOPT UNPACKING pc=0x000002018f6d6da2 sp=0x00000092366f7688 mode 2
Event: 7.599 Thread 0x00000201e18cd510 Uncommon trap: trap_request=0xffffff45 fr.pc=0x000002018fc74b74 relative=0x0000000000000f34
Event: 7.599 Thread 0x00000201e18cd510 Uncommon trap: reason=unstable_if action=reinterpret pc=0x000002018fc74b74 method=lombok.patcher.PatchScript.classMatches(Ljava/lang/String;Ljava/util/Collection;)Z @ 25 c2
Event: 7.599 Thread 0x00000201e18cd510 DEOPT PACKING pc=0x000002018fc74b74 sp=0x00000092366f6ae0
Event: 7.599 Thread 0x00000201e18cd510 DEOPT UNPACKING pc=0x000002018f6d6da2 sp=0x00000092366f6aa0 mode 2

Classes loaded (20 events):
Event: 7.417 Loading class sun/util/PropertyResourceBundleCharset$PropertiesFileDecoder
Event: 7.418 Loading class sun/util/PropertyResourceBundleCharset$PropertiesFileDecoder done
Event: 7.513 Loading class java/lang/AbstractMethodError
Event: 7.514 Loading class java/lang/AbstractMethodError done
Event: 7.627 Loading class java/lang/foreign/ValueLayout
Event: 7.630 Loading class java/lang/foreign/MemoryLayout
Event: 7.630 Loading class java/lang/foreign/MemoryLayout done
Event: 7.630 Loading class java/lang/foreign/ValueLayout done
Event: 7.631 Loading class java/io/ObjectInputStream
Event: 7.633 Loading class java/io/ObjectInput
Event: 7.636 Loading class java/io/ObjectInput done
Event: 7.636 Loading class java/io/ObjectStreamConstants
Event: 7.636 Loading class java/io/ObjectStreamConstants done
Event: 7.636 Loading class java/io/ObjectInputStream done
Event: 7.636 Loading class java/io/ObjectOutputStream
Event: 7.638 Loading class java/io/ObjectOutput
Event: 7.639 Loading class java/io/ObjectOutput done
Event: 7.639 Loading class java/io/ObjectOutputStream done
Event: 7.639 Loading class java/lang/constant/ClassDesc
Event: 7.640 Loading class java/lang/constant/ClassDesc done

Classes unloaded (0 events):
No events

Classes redefined (0 events):
No events

Internal exceptions (20 events):
Event: 3.788 Thread 0x0000020182b92770 Exception <a 'java/lang/NoSuchMethodError'{0x00000000eae5d770}: 'java.lang.Object java.lang.invoke.DirectMethodHandle$Holder.invokeSpecial(java.lang.Object, java.lang.Object, java.lang.Object, int, java.lang.Object)'> (0x00000000eae5d770) 
thrown [s\src\hotspot\share\interpreter\linkResolver.cpp, line 773]
Event: 3.814 Thread 0x0000020182b92770 Exception <a 'java/lang/NoSuchMethodError'{0x00000000eae87390}: 'int java.lang.invoke.DirectMethodHandle$Holder.invokeStaticInit(java.lang.Object, java.lang.Object, java.lang.Object, java.lang.Object)'> (0x00000000eae87390) 
thrown [s\src\hotspot\share\interpreter\linkResolver.cpp, line 773]
Event: 3.817 Thread 0x0000020182b92770 Exception <a 'java/lang/IncompatibleClassChangeError'{0x00000000eae8f890}: Found class java.lang.Object, but interface was expected> (0x00000000eae8f890) 
thrown [s\src\hotspot\share\interpreter\linkResolver.cpp, line 840]
Event: 3.818 Thread 0x0000020182b92770 Exception <a 'java/lang/NoSuchMethodError'{0x00000000eae93a30}: 'void java.lang.invoke.DirectMethodHandle$Holder.invokeStaticInit(java.lang.Object, java.lang.Object)'> (0x00000000eae93a30) 
thrown [s\src\hotspot\share\interpreter\linkResolver.cpp, line 773]
Event: 3.820 Thread 0x0000020182b92770 Exception <a 'java/lang/NoSuchMethodError'{0x00000000eae9a948}: 'int java.lang.invoke.DirectMethodHandle$Holder.invokeStaticInit(java.lang.Object, java.lang.Object)'> (0x00000000eae9a948) 
thrown [s\src\hotspot\share\interpreter\linkResolver.cpp, line 773]
Event: 3.972 Thread 0x0000020182b92770 Exception <a 'java/lang/NoSuchMethodError'{0x00000000eafd76f0}: 'void java.lang.invoke.DirectMethodHandle$Holder.invokeSpecial(java.lang.Object, java.lang.Object, java.lang.Object)'> (0x00000000eafd76f0) 
thrown [s\src\hotspot\share\interpreter\linkResolver.cpp, line 773]
Event: 4.752 Thread 0x0000020182b92770 Exception <a 'java/lang/NoSuchMethodError'{0x00000000eb87a980}: 'int java.lang.invoke.DirectMethodHandle$Holder.invokeVirtual(java.lang.Object, java.lang.Object)'> (0x00000000eb87a980) 
thrown [s\src\hotspot\share\interpreter\linkResolver.cpp, line 773]
Event: 5.019 Thread 0x0000020182b92770 Exception <a 'java/lang/NoSuchMethodError'{0x00000000ebbe2318}: 'java.lang.Object java.lang.invoke.DirectMethodHandle$Holder.newInvokeSpecial(java.lang.Object, int, java.lang.Object)'> (0x00000000ebbe2318) 
thrown [s\src\hotspot\share\interpreter\linkResolver.cpp, line 773]
Event: 5.175 Thread 0x0000020182b92770 Exception <a 'java/lang/NoSuchMethodError'{0x00000000ebd62fb0}: 'java.lang.Object java.lang.invoke.DirectMethodHandle$Holder.newInvokeSpecial(java.lang.Object, java.lang.Object, java.lang.Object, java.lang.Object, int, java.lang.Object)'> (0x00000000ebd62fb0) 
thrown [s\src\hotspot\share\interpreter\linkResolver.cpp, line 773]
Event: 5.761 Thread 0x0000020182b92770 Exception <a 'java/lang/UnsatisfiedLinkError'{0x00000000ec1b1b40}: 'void org.eclipse.equinox.launcher.JNIBridge._update_splash()'> (0x00000000ec1b1b40) 
thrown [s\src\hotspot\share\prims\nativeLookup.cpp, line 415]
Event: 6.090 Thread 0x00000201e18cd510 Exception <a 'java/lang/NullPointerException'{0x00000000ead4a0f0}> (0x00000000ead4a0f0) 
thrown [s\src\hotspot\share\interpreter\linkResolver.cpp, line 1372]
Event: 6.090 Thread 0x00000201e18cd510 Exception <a 'java/lang/NullPointerException'{0x00000000ead4a3d0}> (0x00000000ead4a3d0) 
thrown [s\src\hotspot\share\interpreter\linkResolver.cpp, line 1372]
Event: 6.686 Thread 0x00000201e18cd510 Exception <a 'java/io/FileNotFoundException'{0x00000000eb792398}> (0x00000000eb792398) 
thrown [s\src\hotspot\share\prims\jni.cpp, line 520]
Event: 6.926 Thread 0x00000201e18cd510 Exception <a 'java/lang/NoSuchMethodError'{0x00000000eba81458}: 'java.lang.Object java.lang.invoke.Invokers$Holder.linkToTargetMethod(java.lang.Object, long, java.lang.Object)'> (0x00000000eba81458) 
thrown [s\src\hotspot\share\interpreter\linkResolver.cpp, line 773]
Event: 7.277 Thread 0x00000201e18cd510 Exception <a 'java/lang/NoSuchMethodError'{0x00000000ebe2d8c0}: 'void java.lang.invoke.DirectMethodHandle$Holder.invokeInterface(java.lang.Object, java.lang.Object, java.lang.Object)'> (0x00000000ebe2d8c0) 
thrown [s\src\hotspot\share\interpreter\linkResolver.cpp, line 773]
Event: 7.424 Thread 0x00000201e18cd510 Exception <a 'java/lang/NoSuchMethodError'{0x00000000ec02c240}: 'void java.lang.invoke.Invokers$Holder.invokeExact_MT(java.lang.Object, java.lang.Object, java.lang.Object)'> (0x00000000ec02c240) 
thrown [s\src\hotspot\share\interpreter\linkResolver.cpp, line 773]
Event: 7.653 Thread 0x00000201e18cd510 Exception <a 'java/lang/NoSuchMethodError'{0x00000000ec2f6a60}: 'java.lang.Object java.lang.invoke.DirectMethodHandle$Holder.invokeVirtual(java.lang.Object, java.lang.Object, java.lang.Object)'> (0x00000000ec2f6a60) 
thrown [s\src\hotspot\share\interpreter\linkResolver.cpp, line 773]
Event: 7.659 Thread 0x00000201e18cd510 Exception <a 'java/lang/NoSuchMethodError'{0x00000000ec30ef48}: 'java.lang.Object java.lang.invoke.DelegatingMethodHandle$Holder.reinvoke_L(java.lang.Object, java.lang.Object, java.lang.Object, java.lang.Object, int, int)'> (0x00000000ec30ef48) 
thrown [s\src\hotspot\share\interpreter\linkResolver.cpp, line 773]
Event: 7.665 Thread 0x00000201e18cd510 Exception <a 'java/lang/NoSuchMethodError'{0x00000000ec32bf48}: 'java.lang.Object java.lang.invoke.DirectMethodHandle$Holder.newInvokeSpecial(java.lang.Object, java.lang.Object, java.lang.Object, java.lang.Object, java.lang.Object, java.lang.Object)'> (0x00000000ec32bf48) 
thrown [s\src\hotspot\share\interpreter\linkResolver.cpp, line 773]
Event: 7.672 Thread 0x00000201e18cd510 Exception <a 'java/lang/NoSuchMethodError'{0x00000000ec358628}: 'void java.lang.invoke.Invokers$Holder.invokeExact_MT(java.lang.Object, java.lang.Object, java.lang.Object, java.lang.Object)'> (0x00000000ec358628) 
thrown [s\src\hotspot\share\interpreter\linkResolver.cpp, line 773]

ZGC Phase Switch (0 events):
No events

VM Operations (20 events):
Event: 3.460 Executing VM operation: ParallelGCFailedAllocation (Allocation Failure)
Event: 3.480 Executing VM operation: ParallelGCFailedAllocation (Allocation Failure) done
Event: 4.485 Executing VM operation: Cleanup
Event: 4.485 Executing VM operation: Cleanup done
Event: 4.947 Executing VM operation: HandshakeAllThreads (Deoptimize)
Event: 4.947 Executing VM operation: HandshakeAllThreads (Deoptimize) done
Event: 4.993 Executing VM operation: HandshakeAllThreads (Deoptimize)
Event: 4.993 Executing VM operation: HandshakeAllThreads (Deoptimize) done
Event: 5.168 Executing VM operation: HandshakeAllThreads (Deoptimize)
Event: 5.168 Executing VM operation: HandshakeAllThreads (Deoptimize) done
Event: 5.886 Executing VM operation: ParallelGCFailedAllocation (Allocation Failure)
Event: 5.897 Executing VM operation: ParallelGCFailedAllocation (Allocation Failure) done
Event: 6.058 Executing VM operation: HandshakeAllThreads (Deoptimize)
Event: 6.059 Executing VM operation: HandshakeAllThreads (Deoptimize) done
Event: 6.359 Executing VM operation: HandshakeAllThreads (Deoptimize)
Event: 6.359 Executing VM operation: HandshakeAllThreads (Deoptimize) done
Event: 7.184 Executing VM operation: HandshakeAllThreads (Deoptimize)
Event: 7.184 Executing VM operation: HandshakeAllThreads (Deoptimize) done
Event: 7.184 Executing VM operation: Cleanup
Event: 7.185 Executing VM operation: Cleanup done

Memory protections (0 events):
No events

Nmethod flushes (0 events):
No events

Events (20 events):
Event: 1.130 Thread 0x000002019934c760 Thread added: 0x00000201e1057d90
Event: 1.241 Thread 0x00000201db8cfed0 Thread added: 0x00000201e13a38f0
Event: 2.669 Thread 0x00000201e1057d90 Thread exited: 0x00000201e1057d90
Event: 2.669 Thread 0x00000201e13a38f0 Thread exited: 0x00000201e13a38f0
Event: 3.242 Thread 0x00000201db8cfed0 Thread added: 0x00000201e14ddab0
Event: 3.445 Thread 0x00000201e14ddab0 Thread exited: 0x00000201e14ddab0
Event: 4.234 Thread 0x00000201db8cfed0 Thread added: 0x00000201e13a8070
Event: 4.242 Thread 0x00000201db8cfed0 Thread added: 0x00000201e13b52c0
Event: 4.537 Thread 0x00000201e13b52c0 Thread exited: 0x00000201e13b52c0
Event: 4.585 Thread 0x00000201e13a8070 Thread exited: 0x00000201e13a8070
Event: 4.890 Thread 0x0000020182b92770 Thread added: 0x00000201e15d8190
Event: 5.738 Thread 0x0000020182b92770 Thread added: 0x00000201e18cbea0
Event: 5.749 Thread 0x0000020182b92770 Thread added: 0x00000201e18cd510
Event: 5.881 Thread 0x00000201e18cd510 Thread added: 0x00000201e1b52de0
Event: 6.325 Thread 0x00000201e18cd510 Thread added: 0x00000201e12b8ec0
Event: 6.589 Thread 0x00000201db8cfed0 Thread added: 0x00000201e1642340
Event: 6.589 Thread 0x00000201db8cfed0 Thread added: 0x00000201e1615580
Event: 7.179 Thread 0x00000201e1615580 Thread exited: 0x00000201e1615580
Event: 7.179 Thread 0x00000201e1642340 Thread exited: 0x00000201e1642340
Event: 7.293 Thread 0x00000201e18cd510 Thread added: 0x00000201e1642340


Dynamic libraries:
0x00007ff761e40000 - 0x00007ff761e4e000 	c:\Users\rojas\.vscode\extensions\redhat.java-1.42.0-win32-x64\jre\21.0.7-win32-x86_64\bin\java.exe
0x00007ff916ce0000 - 0x00007ff916f46000 	C:\WINDOWS\SYSTEM32\ntdll.dll
0x00007ff916ad0000 - 0x00007ff916b99000 	C:\WINDOWS\System32\KERNEL32.DLL
0x00007ff913e70000 - 0x00007ff91423c000 	C:\WINDOWS\System32\KERNELBASE.dll
0x00007ff914810000 - 0x00007ff91495b000 	C:\WINDOWS\System32\ucrtbase.dll
0x00007ff8d6620000 - 0x00007ff8d6638000 	c:\Users\rojas\.vscode\extensions\redhat.java-1.42.0-win32-x64\jre\21.0.7-win32-x86_64\bin\jli.dll
0x00007ff9168b0000 - 0x00007ff916a7a000 	C:\WINDOWS\System32\USER32.dll
0x00007ff9145c0000 - 0x00007ff9145e7000 	C:\WINDOWS\System32\win32u.dll
0x00007ff916a80000 - 0x00007ff916aab000 	C:\WINDOWS\System32\GDI32.dll
0x00007ff8c2500000 - 0x00007ff8c251e000 	c:\Users\rojas\.vscode\extensions\redhat.java-1.42.0-win32-x64\jre\21.0.7-win32-x86_64\bin\VCRUNTIME140.dll
0x00007ff8f12f0000 - 0x00007ff8f158a000 	C:\WINDOWS\WinSxS\amd64_microsoft.windows.common-controls_6595b64144ccf1df_6.0.26100.3912_none_3e07963ce335137e\COMCTL32.dll
0x00007ff914960000 - 0x00007ff914a92000 	C:\WINDOWS\System32\gdi32full.dll
0x00007ff916720000 - 0x00007ff9167c9000 	C:\WINDOWS\System32\msvcrt.dll
0x00007ff914480000 - 0x00007ff914523000 	C:\WINDOWS\System32\msvcp_win.dll
0x00007ff916ba0000 - 0x00007ff916bd0000 	C:\WINDOWS\System32\IMM32.DLL
0x00007ff8f6550000 - 0x00007ff8f655c000 	c:\Users\rojas\.vscode\extensions\redhat.java-1.42.0-win32-x64\jre\21.0.7-win32-x86_64\bin\vcruntime140_1.dll
0x00007ff8ba1c0000 - 0x00007ff8ba24d000 	c:\Users\rojas\.vscode\extensions\redhat.java-1.42.0-win32-x64\jre\21.0.7-win32-x86_64\bin\msvcp140.dll
0x00007ff86f080000 - 0x00007ff86fe10000 	c:\Users\rojas\.vscode\extensions\redhat.java-1.42.0-win32-x64\jre\21.0.7-win32-x86_64\bin\server\jvm.dll
0x00007ff916be0000 - 0x00007ff916c92000 	C:\WINDOWS\System32\ADVAPI32.dll
0x00007ff916800000 - 0x00007ff9168a6000 	C:\WINDOWS\System32\sechost.dll
0x00007ff9151d0000 - 0x00007ff9152e6000 	C:\WINDOWS\System32\RPCRT4.dll
0x00007ff9155c0000 - 0x00007ff915634000 	C:\WINDOWS\System32\WS2_32.dll
0x00007ff9137c0000 - 0x00007ff91381e000 	C:\WINDOWS\SYSTEM32\POWRPROF.dll
0x00007ff90a290000 - 0x00007ff90a2c6000 	C:\WINDOWS\SYSTEM32\WINMM.dll
0x00007ff909b80000 - 0x00007ff909b8b000 	C:\WINDOWS\SYSTEM32\VERSION.dll
0x00007ff9137a0000 - 0x00007ff9137b4000 	C:\WINDOWS\SYSTEM32\UMPDC.dll
0x00007ff912c00000 - 0x00007ff912c1a000 	C:\WINDOWS\SYSTEM32\kernel.appcore.dll
0x00007ff8f64f0000 - 0x00007ff8f64fa000 	c:\Users\rojas\.vscode\extensions\redhat.java-1.42.0-win32-x64\jre\21.0.7-win32-x86_64\bin\jimage.dll
0x00007ff911480000 - 0x00007ff9116c1000 	C:\WINDOWS\SYSTEM32\DBGHELP.DLL
0x00007ff915ac0000 - 0x00007ff915e44000 	C:\WINDOWS\System32\combase.dll
0x00007ff915760000 - 0x00007ff915840000 	C:\WINDOWS\System32\OLEAUT32.dll
0x00007ff8ecfe0000 - 0x00007ff8ed019000 	C:\WINDOWS\SYSTEM32\dbgcore.DLL
0x00007ff914770000 - 0x00007ff914809000 	C:\WINDOWS\System32\bcryptPrimitives.dll
0x00007ff8f6490000 - 0x00007ff8f649f000 	c:\Users\rojas\.vscode\extensions\redhat.java-1.42.0-win32-x64\jre\21.0.7-win32-x86_64\bin\instrument.dll
0x00007ff8c0d70000 - 0x00007ff8c0d8f000 	c:\Users\rojas\.vscode\extensions\redhat.java-1.42.0-win32-x64\jre\21.0.7-win32-x86_64\bin\java.dll
0x00007ff914aa0000 - 0x00007ff9151cd000 	C:\WINDOWS\System32\SHELL32.dll
0x00007ff9145f0000 - 0x00007ff914764000 	C:\WINDOWS\System32\wintypes.dll
0x00007ff911ac0000 - 0x00007ff912316000 	C:\WINDOWS\SYSTEM32\windows.storage.dll
0x00007ff9162e0000 - 0x00007ff9163cf000 	C:\WINDOWS\System32\SHCORE.dll
0x00007ff915660000 - 0x00007ff9156c9000 	C:\WINDOWS\System32\shlwapi.dll
0x00007ff913d80000 - 0x00007ff913daf000 	C:\WINDOWS\SYSTEM32\profapi.dll
0x00007ff8bf210000 - 0x00007ff8bf228000 	c:\Users\rojas\.vscode\extensions\redhat.java-1.42.0-win32-x64\jre\21.0.7-win32-x86_64\bin\zip.dll
0x00007ff8f5770000 - 0x00007ff8f5780000 	C:\Users\rojas\.vscode\extensions\redhat.java-1.42.0-win32-x64\jre\21.0.7-win32-x86_64\bin\net.dll
0x00007ff90cc10000 - 0x00007ff90cd2e000 	C:\WINDOWS\SYSTEM32\WINHTTP.dll
0x00007ff913180000 - 0x00007ff9131ea000 	C:\WINDOWS\system32\mswsock.dll
0x00007ff8c0b70000 - 0x00007ff8c0b86000 	C:\Users\rojas\.vscode\extensions\redhat.java-1.42.0-win32-x64\jre\21.0.7-win32-x86_64\bin\nio.dll
0x00007ff8d8510000 - 0x00007ff8d8520000 	c:\Users\rojas\.vscode\extensions\redhat.java-1.42.0-win32-x64\jre\21.0.7-win32-x86_64\bin\verify.dll
0x00007ff8bc1c0000 - 0x00007ff8bc205000 	C:\Users\rojas\AppData\Roaming\Code\User\globalStorage\redhat.java\1.42.0\config_ss_win\org.eclipse.equinox.launcher\org.eclipse.equinox.launcher.win32.win32.x86_64_1.2.1300.v20250331-1702\eclipse_11911.dll
0x00007ff916460000 - 0x00007ff9165ff000 	C:\WINDOWS\System32\ole32.dll

dbghelp: loaded successfully - version: 4.0.5 - missing functions: none
symbol engine: initialized successfully - sym options: 0x614 - pdb path: .;c:\Users\rojas\.vscode\extensions\redhat.java-1.42.0-win32-x64\jre\21.0.7-win32-x86_64\bin;C:\WINDOWS\SYSTEM32;C:\WINDOWS\WinSxS\amd64_microsoft.windows.common-controls_6595b64144ccf1df_6.0.26100.3912_none_3e07963ce335137e;c:\Users\rojas\.vscode\extensions\redhat.java-1.42.0-win32-x64\jre\21.0.7-win32-x86_64\bin\server;C:\Users\rojas\AppData\Roaming\Code\User\globalStorage\redhat.java\1.42.0\config_ss_win\org.eclipse.equinox.launcher\org.eclipse.equinox.launcher.win32.win32.x86_64_1.2.1300.v20250331-1702

VM Arguments:
jvm_args: --add-modules=ALL-SYSTEM --add-opens=java.base/java.util=ALL-UNNAMED --add-opens=java.base/java.lang=ALL-UNNAMED --add-opens=java.base/sun.nio.fs=ALL-UNNAMED -Declipse.application=org.eclipse.jdt.ls.core.id1 -Dosgi.bundles.defaultStartLevel=4 -Declipse.product=org.eclipse.jdt.ls.core.product -Djava.import.generatesMetadataFilesAtProjectRoot=false -DDetectVMInstallationsJob.disabled=true -Dfile.encoding=utf8 -XX:+UseParallelGC -XX:GCTimeRatio=4 -XX:AdaptiveSizePolicyWeight=90 -Dsun.zip.disableMemoryMapping=true -Xmx1G -Xms100m -Xlog:disable -javaagent:c:\Users\rojas\.vscode\extensions\redhat.java-1.42.0-win32-x64\lombok\lombok-1.18.36.jar 
java_command: c:\Users\rojas\.vscode\extensions\redhat.java-1.42.0-win32-x64\server\plugins\org.eclipse.equinox.launcher_1.7.0.v20250424-1814.jar -configuration c:\Users\rojas\AppData\Roaming\Code\User\globalStorage\redhat.java\1.42.0\config_ss_win -data c:\Users\rojas\AppData\Roaming\Code\User\workspaceStorage\bd24c3acd4f3adb2521aed7918b5d10d\redhat.java\ss_ws --pipe=\\.\pipe\lsp-a9484fe6601344368cc9f0a97b2af19d-sock
java_class_path (initial): c:\Users\rojas\.vscode\extensions\redhat.java-1.42.0-win32-x64\server\plugins\org.eclipse.equinox.launcher_1.7.0.v20250424-1814.jar
Launcher Type: SUN_STANDARD

[Global flags]
    uintx AdaptiveSizePolicyWeight                 = 90                                        {product} {command line}
     intx CICompilerCount                          = 4                                         {product} {ergonomic}
    uintx GCTimeRatio                              = 4                                         {product} {command line}
   size_t InitialHeapSize                          = 104857600                                 {product} {command line}
   size_t MaxHeapSize                              = 1073741824                                {product} {command line}
   size_t MaxNewSize                               = 357564416                                 {product} {ergonomic}
   size_t MinHeapDeltaBytes                        = 524288                                    {product} {ergonomic}
   size_t MinHeapSize                              = 104857600                                 {product} {command line}
   size_t NewSize                                  = 34603008                                  {product} {ergonomic}
    uintx NonNMethodCodeHeapSize                   = 5839372                                {pd product} {ergonomic}
    uintx NonProfiledCodeHeapSize                  = 122909434                              {pd product} {ergonomic}
   size_t OldSize                                  = 70254592                                  {product} {ergonomic}
    uintx ProfiledCodeHeapSize                     = 122909434                              {pd product} {ergonomic}
    uintx ReservedCodeCacheSize                    = 251658240                              {pd product} {ergonomic}
     bool SegmentedCodeCache                       = true                                      {product} {ergonomic}
   size_t SoftMaxHeapSize                          = 1073741824                             {manageable} {ergonomic}
     bool UseCompressedOops                        = true                           {product lp64_product} {ergonomic}
     bool UseLargePagesIndividualAllocation        = false                                  {pd product} {ergonomic}
     bool UseParallelGC                            = true                                      {product} {command line}

Logging:
Log output configuration:
 #0: stdout all=off uptime,level,tags foldmultilines=false
 #1: stderr all=off uptime,level,tags foldmultilines=false

Environment Variables:
JAVA_HOME=C:\Program Files\Java\jre-1.8
PATH=C:\Python313\Scripts\;C:\Python313\;C:\Program Files\Common Files\Oracle\Java\javapath;C:\Program Files (x86)\Common Files\Oracle\Java\java8path;C:\Program Files (x86)\Common Files\Oracle\Java\javapath;C:\WINDOWS.X64_193000_db_home\bin;C:\windows\system32;C:\windows;C:\windows\System32\Wbem;C:\windows\System32\WindowsPowerShell\v1.0\;C:\windows\System32\OpenSSH\;C:\Program Files (x86)\NVIDIA Corporation\PhysX\Common;C:\Program Files\NVIDIA Corporation\NVIDIA NvDLISR;C:\WINDOWS\system32;C:\WINDOWS;C:\WINDOWS\System32\Wbem;C:\WINDOWS\System32\WindowsPowerShell\v1.0\;C:\WINDOWS\System32\OpenSSH\;C:\Program Files\HP\HP One Agent;C:\Program Files\Java\jre-1.8\bin;%M2_HOME%\bin;C:\WINDOWS.X64_193000_db_home\network\admin;C:\Program Files\dotnet\;C:\Program Files\Microsoft SQL Server\150\Tools\Binn\;C:\Program Files\Microsoft SQL Server\Client SDK\ODBC\170\Tools\Binn\;C:\WINDOWS\system32;C:\WINDOWS;C:\WINDOWS\System32\Wbem;C:\WINDOWS\System32\WindowsPowerShell\v1.0\;C:\WINDOWS\System32\OpenSSH\;C:\Program Files (x86)\Microsoft SQL Server\160\Tools\Binn\;C:\Program Files\Microsoft SQL Server\160\Tools\Binn\;C:\Program Files\Microsoft SQL Server\160\DTS\Binn\;C:\Program Files\nodejs\;C:\ProgramData\chocolatey\bin;C:\Program Files (x86)\Microsoft SQL Server\160\DTS\Binn\;C:\Program Files\Git\cmd;C:\Users\rojas\AppData\Roaming\Python\Python313\site-packages\django\contrib\admin;C:\instantclient-basic-windows.x64-23.5.0.24.07\instantclient_23_5;C:\Users\rojas\AppData\Local\Microsoft\WindowsApps;C:\Users\rojas\AppData\Local\Programs\Microsoft VS Code\bin;C:\Program Files\JetBrains\IntelliJ IDEA Community Edition 2024.3.1.1\bin;C:\Users\rojas\AppData\Local\reflex\bun\bin;C:\Users\rojas\AppData\Local\GitHubDesktop\bin;C:\Users\rojas\.dotnet\tools;C:\Users\rojas\AppData\Roaming\npm;C:\Program Files\MongoDB\mongosh\
USERNAME=rojas
OS=Windows_NT
PROCESSOR_IDENTIFIER=Intel64 Family 6 Model 141 Stepping 1, GenuineIntel
TMP=C:\Users\rojas\AppData\Local\Temp
TEMP=C:\Users\rojas\AppData\Local\Temp




Periodic native trim disabled

---------------  S Y S T E M  ---------------

OS:
 Windows 11 , 64 bit Build 26100 (10.0.26100.3912)
OS uptime: 0 days 23:27 hours
Hyper-V role detected

CPU: total 12 (initial active 12) (6 cores per cpu, 2 threads per core) family 6 model 141 stepping 1 microcode 0x4e, cx8, cmov, fxsr, ht, mmx, 3dnowpref, sse, sse2, sse3, ssse3, sse4.1, sse4.2, popcnt, lzcnt, tsc, tscinvbit, avx, avx2, aes, erms, clmul, bmi1, bmi2, adx, avx512f, avx512dq, avx512cd, avx512bw, avx512vl, sha, fma, vzeroupper, avx512_vpopcntdq, avx512_vpclmulqdq, avx512_vaes, avx512_vnni, clflush, clflushopt, clwb, avx512_vbmi2, avx512_vbmi, hv, rdtscp, rdpid, fsrm, gfni, avx512_bitalg, f16c, cet_ibt, cet_ss, avx512_ifma
Processor Information for the first 12 processors :
  Max Mhz: 2688, Current Mhz: 2688, Mhz Limit: 2688

Memory: 4k page, system-wide physical 7830M (944M free)
TotalPageFile size 31148M (AvailPageFile size 0M)
current process WorkingSet (physical memory assigned to process): 108M, peak: 108M
current process commit charge ("private bytes"): 222M, peak: 223M

vm_info: OpenJDK 64-Bit Server VM (21.0.7+6-LTS) for windows-amd64 JRE (21.0.7+6-LTS), built on 2025-04-15T00:00:00Z by "admin" with MS VC++ 17.7 (VS2022)

END.
