#
# There is insufficient memory for the Java Runtime Environment to continue.
# Native memory allocation (mmap) failed to map 65536 bytes. Error detail: Failed to commit metaspace.
# Possible reasons:
#   The system is out of physical RAM or swap space
#   This process is running with CompressedOops enabled, and the Java Heap may be blocking the growth of the native heap
# Possible solutions:
#   Reduce memory load on the system
#   Increase physical memory or swap space
#   Check if swap backing store is full
#   Decrease Java heap size (-Xmx/-Xms)
#   Decrease number of Java threads
#   Decrease Java thread stack sizes (-Xss)
#   Set larger code cache with -XX:ReservedCodeCacheSize=
#   JVM is running with Unscaled Compressed Oops mode in which the Java heap is
#     placed in the first 4GB address space. The Java Heap base address is the
#     maximum limit for the native heap growth. Please use -XX:HeapBaseMinAddress
#     to set the Java Heap base and to place the Java Heap above 4GB virtual address.
# This output file may be truncated or incomplete.
#
#  Out of Memory Error (virtualSpaceNode.cpp:113), pid=28520, tid=440
#
# JRE version: OpenJDK Runtime Environment Temurin-21.0.7+6 (21.0.7+6) (build 21.0.7+6-LTS)
# Java VM: OpenJDK 64-Bit Server VM Temurin-21.0.7+6 (21.0.7+6-LTS, mixed mode, sharing, tiered, compressed oops, compressed class ptrs, parallel gc, windows-amd64)
# No core dump will be written. Minidumps are not enabled by default on client versions of Windows
#

---------------  S U M M A R Y ------------

Command Line: --add-modules=ALL-SYSTEM --add-opens=java.base/java.util=ALL-UNNAMED --add-opens=java.base/java.lang=ALL-UNNAMED --add-opens=java.base/sun.nio.fs=ALL-UNNAMED -Declipse.application=org.eclipse.jdt.ls.core.id1 -Dosgi.bundles.defaultStartLevel=4 -Declipse.product=org.eclipse.jdt.ls.core.product -Djava.import.generatesMetadataFilesAtProjectRoot=false -DDetectVMInstallationsJob.disabled=true -Dfile.encoding=utf8 -XX:+UseParallelGC -XX:GCTimeRatio=4 -XX:AdaptiveSizePolicyWeight=90 -Dsun.zip.disableMemoryMapping=true -Xmx1G -Xms100m -Xlog:disable -javaagent:c:\Users\rojas\.vscode\extensions\redhat.java-1.42.0-win32-x64\lombok\lombok-1.18.36.jar -XX:+HeapDumpOnOutOfMemoryError -XX:HeapDumpPath=c:\Users\rojas\AppData\Roaming\Code\User\workspaceStorage\bd24c3acd4f3adb2521aed7918b5d10d\redhat.java -Daether.dependencyCollector.impl=bf c:\Users\rojas\.vscode\extensions\redhat.java-1.42.0-win32-x64\server\plugins\org.eclipse.equinox.launcher_1.7.0.v20250424-1814.jar -configuration c:\Users\rojas\AppData\Roaming\Code\User\globalStorage\redhat.java\1.42.0\config_win -data c:\Users\rojas\AppData\Roaming\Code\User\workspaceStorage\bd24c3acd4f3adb2521aed7918b5d10d\redhat.java\jdt_ws --pipe=\\.\pipe\lsp-28e7942f14a35e147462f7e5eff92b3d-sock

Host: 11th Gen Intel(R) Core(TM) i5-11400H @ 2.70GHz, 12 cores, 7G,  Windows 11 , 64 bit Build 26100 (10.0.26100.3912)
Time: Thu May 29 22:00:58 2025 Hora est. Sudamérica Pacífico elapsed time: 6.144302 seconds (0d 0h 0m 6s)

---------------  T H R E A D  ---------------

Current thread (0x000001d2fd46db20):  JavaThread "Start Level: Equinox Container: 8b71e2f1-fb13-4fb1-8554-19a01e1d99ae" daemon [_thread_in_vm, id=440, stack(0x00000002d6900000,0x00000002d6a00000) (1024K)]

Stack: [0x00000002d6900000,0x00000002d6a00000]
Native frames: (J=compiled Java code, j=interpreted, Vv=VM code, C=native code)
V  [jvm.dll+0x6ce119]
V  [jvm.dll+0x8a84a1]
V  [jvm.dll+0x8aa9ce]
V  [jvm.dll+0x8ab0b3]
V  [jvm.dll+0x27f8a6]
V  [jvm.dll+0x8a41ee]
V  [jvm.dll+0x670575]
V  [jvm.dll+0x1e474c]
V  [jvm.dll+0x1e451e]
V  [jvm.dll+0x672e72]
V  [jvm.dll+0x672c92]
V  [jvm.dll+0x670f4e]
V  [jvm.dll+0x26a886]
V  [jvm.dll+0x216127]
V  [jvm.dll+0x20bbae]
V  [jvm.dll+0x5ae58c]
V  [jvm.dll+0x821706]
V  [jvm.dll+0x4718d6]
V  [jvm.dll+0x4777a8]
C  [java.dll+0x17ec]

Java frames: (J=compiled Java code, j=interpreted, Vv=VM code)
J 1132  java.lang.ClassLoader.defineClass1(Ljava/lang/ClassLoader;Ljava/lang/String;[BIILjava/security/ProtectionDomain;Ljava/lang/String;)Ljava/lang/Class; java.base@21.0.7 (0 bytes) @ 0x000001d2b0152c91 [0x000001d2b0152bc0+0x00000000000000d1]
J 1418 c1 java.lang.ClassLoader.defineClass(Ljava/lang/String;[BIILjava/security/ProtectionDomain;)Ljava/lang/Class; java.base@21.0.7 (43 bytes) @ 0x000001d2a88618f4 [0x000001d2a88615a0+0x0000000000000354]
j  org.eclipse.osgi.internal.loader.ModuleClassLoader.defineClass(Ljava/lang/String;[BLorg/eclipse/osgi/internal/loader/classpath/ClasspathEntry;)Lorg/eclipse/osgi/internal/loader/ModuleClassLoader$DefineClassResult;+37
j  org.eclipse.osgi.internal.loader.classpath.ClasspathManager.defineClass(Ljava/lang/String;[BLorg/eclipse/osgi/internal/loader/classpath/ClasspathEntry;Lorg/eclipse/osgi/storage/bundlefile/BundleEntry;Ljava/util/List;)Ljava/lang/Class;+424
j  org.eclipse.osgi.internal.loader.classpath.ClasspathManager.findClassImpl(Ljava/lang/String;Lorg/eclipse/osgi/internal/loader/classpath/ClasspathEntry;Ljava/util/List;)Ljava/lang/Class;+297
j  org.eclipse.osgi.internal.loader.classpath.ClasspathManager.findLocalClassImpl(Ljava/lang/String;[Lorg/eclipse/osgi/internal/loader/classpath/ClasspathEntry;Ljava/util/List;)Ljava/lang/Class;+30
j  org.eclipse.osgi.internal.loader.classpath.ClasspathManager.findLocalClassImpl(Ljava/lang/String;Ljava/util/List;)Ljava/lang/Class;+69
j  org.eclipse.osgi.internal.loader.classpath.ClasspathManager.findLocalClass(Ljava/lang/String;)Ljava/lang/Class;+113
j  org.eclipse.osgi.internal.loader.ModuleClassLoader.findLocalClass(Ljava/lang/String;)Ljava/lang/Class;+5
j  org.eclipse.osgi.internal.loader.BundleLoader.findLocalClass(Ljava/lang/String;)Ljava/lang/Class;+64
j  org.eclipse.osgi.internal.loader.sources.SingleSourcePackage.loadClass(Ljava/lang/String;)Ljava/lang/Class;+5
j  org.eclipse.osgi.internal.loader.BundleLoader.findClass0(Ljava/lang/String;ZZ)Ljava/lang/Class;+220
j  org.eclipse.osgi.internal.loader.BundleLoader.findClass(Ljava/lang/String;)Ljava/lang/Class;+4
j  org.eclipse.osgi.internal.loader.ModuleClassLoader.loadClass(Ljava/lang/String;Z)Ljava/lang/Class;+21
J 1024 c1 java.lang.ClassLoader.loadClass(Ljava/lang/String;)Ljava/lang/Class; java.base@21.0.7 (7 bytes) @ 0x000001d2a87a6454 [0x000001d2a87a6340+0x0000000000000114]
v  ~StubRoutines::call_stub 0x000001d2afb410e7
j  org.apache.aries.spifly.dynamic.DynamicWeavingActivator.start(Lorg/osgi/framework/BundleContext;)V+0
j  org.eclipse.osgi.internal.framework.BundleContextImpl$2.run()Ljava/lang/Void;+23
j  org.eclipse.osgi.internal.framework.BundleContextImpl$2.run()Ljava/lang/Object;+1
J 1176 c1 java.security.AccessController.executePrivileged(Ljava/security/PrivilegedExceptionAction;Ljava/security/AccessControlContext;Ljava/lang/Class;)Ljava/lang/Object; java.base@21.0.7 (65 bytes) @ 0x000001d2a87e90c4 [0x000001d2a87e8f60+0x0000000000000164]
j  java.security.AccessController.doPrivileged(Ljava/security/PrivilegedExceptionAction;)Ljava/lang/Object;+9 java.base@21.0.7
j  org.eclipse.osgi.internal.framework.BundleContextImpl.startActivator(Lorg/osgi/framework/BundleActivator;)V+9
j  org.eclipse.osgi.internal.framework.BundleContextImpl.start()V+141
j  org.eclipse.osgi.internal.framework.EquinoxBundle.startWorker0()V+35
j  org.eclipse.osgi.internal.framework.EquinoxBundle$EquinoxModule.startWorker()V+4
j  org.eclipse.osgi.container.Module.doStart([Lorg/eclipse/osgi/container/Module$StartOptions;)Lorg/eclipse/osgi/container/ModuleContainerAdaptor$ModuleEvent;+200
j  org.eclipse.osgi.container.Module.start([Lorg/eclipse/osgi/container/Module$StartOptions;)V+460
j  org.eclipse.osgi.container.ModuleContainer$ContainerStartLevel$2.run()V+83
j  org.eclipse.osgi.internal.framework.EquinoxContainerAdaptor$1$1.execute(Ljava/lang/Runnable;)V+1
j  org.eclipse.osgi.container.ModuleContainer$ContainerStartLevel.incStartLevel(ILjava/util/List;Z)V+193
j  org.eclipse.osgi.container.ModuleContainer$ContainerStartLevel.incStartLevel(ILjava/util/List;Ljava/util/List;Ljava/util/List;Ljava/util/List;)V+19
j  org.eclipse.osgi.container.ModuleContainer$ContainerStartLevel.doContainerStartLevel(Lorg/eclipse/osgi/container/Module;I[Lorg/osgi/framework/FrameworkListener;)V+358
j  org.eclipse.osgi.container.ModuleContainer$ContainerStartLevel.dispatchEvent(Lorg/eclipse/osgi/container/Module;[Lorg/osgi/framework/FrameworkListener;ILjava/lang/Integer;)V+32
j  org.eclipse.osgi.container.ModuleContainer$ContainerStartLevel.dispatchEvent(Ljava/lang/Object;Ljava/lang/Object;ILjava/lang/Object;)V+15
j  org.eclipse.osgi.framework.eventmgr.EventManager.dispatchEvent(Ljava/util/Set;Lorg/eclipse/osgi/framework/eventmgr/EventDispatcher;ILjava/lang/Object;)V+48
j  org.eclipse.osgi.framework.eventmgr.EventManager$EventThread.run()V+26
v  ~StubRoutines::call_stub 0x000001d2afb410e7

Compiled method (n/a) 6231 1132     n 0       java.lang.ClassLoader::defineClass1 (native)
 total in heap  [0x000001d2b0152a10,0x000001d2b0152e98] = 1160
 relocation     [0x000001d2b0152b70,0x000001d2b0152ba8] = 56
 main code      [0x000001d2b0152bc0,0x000001d2b0152e96] = 726
 stub code      [0x000001d2b0152e96,0x000001d2b0152e98] = 2

[Constant Pool (empty)]

[MachCode]
[Entry Point]
  # {method} {0x000001d2ba431000} 'defineClass1' '(Ljava/lang/ClassLoader;Ljava/lang/String;[BIILjava/security/ProtectionDomain;Ljava/lang/String;)Ljava/lang/Class;' in 'java/lang/ClassLoader'
  # parm0:    rdx:rdx   = 'java/lang/ClassLoader'
  # parm1:    r8:r8     = 'java/lang/String'
  # parm2:    r9:r9     = '[B'
  # parm3:    rdi       = int
  # parm4:    rsi       = int
  # parm5:    rcx:rcx   = 'java/security/ProtectionDomain'
  # parm6:    [sp+0xa0]   = 'java/lang/String'  (sp of caller)
  0x000001d2b0152bc0: 448b 5208 | 49bb 0000 | 00ba d201 | 0000 4d03 | d349 3bc2 | 0f84 0600 

  0x000001d2b0152bd8: ;   {runtime_call ic_miss_stub}
  0x000001d2b0152bd8: 0000 e9a1 | baa3 ff90 
[Verified Entry Point]
  0x000001d2b0152be0: 8984 2400 | 80ff ff55 | 488b ec48 | 81ec 9000 | 0000 6690 | 4181 7f20 | 0100 0000 

  0x000001d2b0152bfc: ;   {runtime_call StubRoutines (final stubs)}
  0x000001d2b0152bfc: 7405 e8fd | aba2 ff48 | 837d 1000 | 488d 4510 | 480f 4445 | 1048 8944 | 2440 4889 | 4c24 7048 
  0x000001d2b0152c1c: 83f9 0048 | 8d44 2470 | 480f 4444 | 2470 4889 | 4424 3848 | 8974 2430 | 4889 7c24 | 284c 894c 
  0x000001d2b0152c3c: 2458 4983 | f900 488d | 4424 5848 | 0f44 4424 | 5848 8944 | 2420 4c89 | 4424 5049 | 83f8 004c 
  0x000001d2b0152c5c: 8d4c 2450 | 4c0f 444c | 2450 4889 | 5424 4848 | 83fa 004c | 8d44 2448 | 4c0f 4444 

  0x000001d2b0152c78: ;   {oop(a 'java/lang/Class'{0x00000000ec8101e0} = 'java/lang/ClassLoader')}
  0x000001d2b0152c78: 2448 49be | e001 81ec | 0000 0000 | 4c89 7424 | 784c 8d74 | 2478 498b | d6c5 f877 

  0x000001d2b0152c94: ;   {internal_word}
  0x000001d2b0152c94: 49ba 912c | 15b0 d201 | 0000 4d89 | 97a0 0300 | 0049 89a7 | 9803 0000 

  0x000001d2b0152cac: ;   {external_word}
  0x000001d2b0152cac: 49ba 3d5b | d16f f87f | 0000 4180 | 3a00 0f84 | 4e00 0000 | 5241 5041 

  0x000001d2b0152cc4: ;   {metadata({method} {0x000001d2ba431000} 'defineClass1' '(Ljava/lang/ClassLoader;Ljava/lang/String;[BIILjava/security/ProtectionDomain;Ljava/lang/String;)Ljava/lang/Class;' in 'java/lang/ClassLoader')}
  0x000001d2b0152cc4: 5148 baf8 | 0f43 bad2 | 0100 0049 | 8bcf 4883 | ec20 40f6 | c40f 0f84 | 1900 0000 | 4883 ec08 
  0x000001d2b0152ce4: ;   {runtime_call}
  0x000001d2b0152ce4: 48b8 504b | 7b6f f87f | 0000 ffd0 | 4883 c408 | e90c 0000 

  0x000001d2b0152cf8: ;   {runtime_call}
  0x000001d2b0152cf8: 0048 b850 | 4b7b 6ff8 | 7f00 00ff | d048 83c4 | 2041 5941 | 585a 498d | 8fb8 0300 | 0041 c787 
  0x000001d2b0152d18: 4404 0000 | 0400 0000 

  0x000001d2b0152d20: ;   {runtime_call}
  0x000001d2b0152d20: 48b8 ac16 | d7c0 f87f | 0000 ffd0 | c5f8 7741 | c787 4404 | 0000 0500 | 0000 f083 | 4424 c000 
  0x000001d2b0152d40: 493b af48 | 0400 000f | 870e 0000 | 0041 83bf | 4004 0000 | 000f 842b | 0000 00c5 | f877 4889 
  0x000001d2b0152d60: 45f8 498b | cf4c 8be4 | 4883 ec20 | 4883 e4f0 

  0x000001d2b0152d70: ;   {runtime_call}
  0x000001d2b0152d70: 48b8 00d1 | 466f f87f | 0000 ffd0 | 498b e44d | 33e4 488b | 45f8 41c7 | 8744 0400 | 0008 0000 
  0x000001d2b0152d90: 0041 83bf | c004 0000 | 020f 84ca 

  0x000001d2b0152d9c: ;   {external_word}
  0x000001d2b0152d9c: 0000 0049 | ba3d 5bd1 | 6ff8 7f00 | 0041 803a | 000f 844c | 0000 0048 

  0x000001d2b0152db4: ;   {metadata({method} {0x000001d2ba431000} 'defineClass1' '(Ljava/lang/ClassLoader;Ljava/lang/String;[BIILjava/security/ProtectionDomain;Ljava/lang/String;)Ljava/lang/Class;' in 'java/lang/ClassLoader')}
  0x000001d2b0152db4: 8945 f848 | baf8 0f43 | bad2 0100 | 0049 8bcf | 4883 ec20 | 40f6 c40f | 0f84 1900 | 0000 4883 
  0x000001d2b0152dd4: ;   {runtime_call}
  0x000001d2b0152dd4: ec08 48b8 | 504b 7b6f | f87f 0000 | ffd0 4883 | c408 e90c 

  0x000001d2b0152de8: ;   {runtime_call}
  0x000001d2b0152de8: 0000 0048 | b850 4b7b | 6ff8 7f00 | 00ff d048 | 83c4 2048 | 8b45 f849 | c787 9803 | 0000 0000 
  0x000001d2b0152e08: 0000 49c7 | 87a0 0300 | 0000 0000 | 00c5 f877 | 4885 c00f | 8425 0000 | 00a8 030f | 8508 0000 
  0x000001d2b0152e28: 0048 8b00 | e915 0000 | 00a8 010f | 8509 0000 | 0048 8b40 | fee9 0400 | 0000 488b | 40ff 498b 
  0x000001d2b0152e48: 8f28 0400 | 00c7 8100 | 0100 0000 | 0000 00c9 | 4983 7f08 | 000f 8501 | 0000 00c3 

  0x000001d2b0152e64: ;   {runtime_call StubRoutines (initial stubs)}
  0x000001d2b0152e64: e997 e09e | ffc5 f877 | 4889 45f8 | 4c8b e448 | 83ec 2048 

  0x000001d2b0152e78: ;   {runtime_call}
  0x000001d2b0152e78: 83e4 f048 | b830 837b | 6ff8 7f00 | 00ff d049 | 8be4 4d33 | e448 8b45 | f8e9 09ff | ffff f4f4 
[/MachCode]


Compiled method (c1) 6242 1418       3       java.lang.ClassLoader::defineClass (43 bytes)
 total in heap  [0x000001d2a8861390,0x000001d2a8861d00] = 2416
 relocation     [0x000001d2a88614f0,0x000001d2a8861590] = 160
 main code      [0x000001d2a88615a0,0x000001d2a8861a38] = 1176
 stub code      [0x000001d2a8861a38,0x000001d2a8861ab0] = 120
 metadata       [0x000001d2a8861ab0,0x000001d2a8861af0] = 64
 scopes data    [0x000001d2a8861af0,0x000001d2a8861be0] = 240
 scopes pcs     [0x000001d2a8861be0,0x000001d2a8861cc0] = 224
 dependencies   [0x000001d2a8861cc0,0x000001d2a8861cd8] = 24
 nul chk table  [0x000001d2a8861cd8,0x000001d2a8861d00] = 40

[Constant Pool (empty)]

[MachCode]
[Entry Point]
  # {method} {0x000001d2ba431380} 'defineClass' '(Ljava/lang/String;[BIILjava/security/ProtectionDomain;)Ljava/lang/Class;' in 'java/lang/ClassLoader'
  # this:     rdx:rdx   = 'java/lang/ClassLoader'
  # parm0:    r8:r8     = 'java/lang/String'
  # parm1:    r9:r9     = '[B'
  # parm2:    rdi       = int
  # parm3:    rsi       = int
  # parm4:    rcx:rcx   = 'java/security/ProtectionDomain'
  #           [sp+0xc0]  (sp of caller)
  0x000001d2a88615a0: 448b 5208 | 49bb 0000 | 00ba d201 | 0000 4d03 | d34c 3bd0 

  0x000001d2a88615b4: ;   {runtime_call ic_miss_stub}
  0x000001d2a88615b4: 0f85 c6d0 | 3207 660f | 1f44 0000 
[Verified Entry Point]
  0x000001d2a88615c0: 8984 2400 | 80ff ff55 | 4881 ecb0 | 0000 0090 | 4181 7f20 | 0100 0000 

  0x000001d2a88615d8: ;   {runtime_call StubRoutines (final stubs)}
  0x000001d2a88615d8: 7405 e821 | c231 0748 | 8954 2478 

  0x000001d2a88615e4: ;   {metadata(method data for {method} {0x000001d2ba431380} 'defineClass' '(Ljava/lang/String;[BIILjava/security/ProtectionDomain;)Ljava/lang/Class;' in 'java/lang/ClassLoader')}
  0x000001d2a88615e4: 48bb b0fc | 3880 d201 | 0000 8b83 | cc00 0000 | 83c0 0289 | 83cc 0000 | 0025 fe07 | 0000 85c0 
  0x000001d2a8861604: 0f84 5003 | 0000 89b4 | 2494 0000 | 0089 bc24 | 9000 0000 | 4c89 8c24 | 8800 0000 

  0x000001d2a8861620: ;   {metadata(method data for {method} {0x000001d2ba431380} 'defineClass' '(Ljava/lang/String;[BIILjava/security/ProtectionDomain;)Ljava/lang/Class;' in 'java/lang/ClassLoader')}
  0x000001d2a8861620: 488b da48 | b8b0 fc38 | 80d2 0100 | 0048 8380 | 1001 0000 | 0149 8bd8 | 4c8b c34c | 8bc9 488b 
  0x000001d2a8861640: ca48 8bd1 | 4889 9c24 | 8000 0000 

  0x000001d2a886164c: ;   {optimized virtual_call}
  0x000001d2a886164c: 6666 90e8 

  0x000001d2a8861650: ; ImmutableOopMap {[120]=Oop [128]=Oop [136]=Oop }
                      ;*invokevirtual preDefineClass {reexecute=0 rethrow=0 return_oop=0}
                      ; - java.lang.ClassLoader::defineClass@4
  0x000001d2a8861650: 4c0a 0000 

  0x000001d2a8861654: ;   {other}
  0x000001d2a8861654: 0f1f 8400 | c402 0000 | 4889 8424 | 9800 0000 | 488b 5424 

  0x000001d2a8861668: ;   {metadata(method data for {method} {0x000001d2ba431380} 'defineClass' '(Ljava/lang/String;[BIILjava/security/ProtectionDomain;)Ljava/lang/Class;' in 'java/lang/ClassLoader')}
  0x000001d2a8861668: 7849 b8b0 | fc38 80d2 | 0100 0049 | 8380 4801 

  0x000001d2a8861678: ;   {metadata(method data for {method} {0x000001d2ba431068} 'defineClassSourceLocation' '(Ljava/security/ProtectionDomain;)Ljava/lang/String;' in 'java/lang/ClassLoader')}
  0x000001d2a8861678: 0000 0149 | b8c8 0339 | 80d2 0100 | 0041 8b90 | cc00 0000 | 83c2 0241 | 8990 cc00 | 0000 81e2 
  0x000001d2a8861698: feff 1f00 | 85d2 0f84 | d702 0000 

  0x000001d2a88616a4: ; implicit exception: dispatches to 0x000001d2a886199c
  0x000001d2a88616a4: 483b 004c 

  0x000001d2a88616a8: ;   {metadata(method data for {method} {0x000001d2ba431068} 'defineClassSourceLocation' '(Ljava/security/ProtectionDomain;)Ljava/lang/String;' in 'java/lang/ClassLoader')}
  0x000001d2a88616a8: 8bc0 48ba | c803 3980 | d201 0000 | 4883 8210 | 0100 0001 | 448b 4010 

  0x000001d2a88616c0: ;   {metadata(method data for {method} {0x000001d2ba431068} 'defineClassSourceLocation' '(Ljava/security/ProtectionDomain;)Ljava/lang/String;' in 'java/lang/ClassLoader')}
  0x000001d2a88616c0: 4d85 c048 | bac8 0339 | 80d2 0100 | 0048 c7c6 | 5801 0000 | 7507 48c7 | c648 0100 | 0048 8b3c 
  0x000001d2a88616e0: 3248 8d7f | 0148 893c | 320f 850f 

  0x000001d2a88616ec: ;   {oop(nullptr)}
  0x000001d2a88616ec: 0000 0048 | bb00 0000 | 0000 0000 | 00e9 a101 | 0000 493b | 0049 8bd0 

  0x000001d2a8861704: ;   {metadata(method data for {method} {0x000001d2ba431068} 'defineClassSourceLocation' '(Ljava/security/ProtectionDomain;)Ljava/lang/String;' in 'java/lang/ClassLoader')}
  0x000001d2a8861704: 48be c803 | 3980 d201 | 0000 4883 | 8668 0100 | 0001 418b | 500c 4885 

  0x000001d2a886171c: ;   {metadata(method data for {method} {0x000001d2ba431068} 'defineClassSourceLocation' '(Ljava/security/ProtectionDomain;)Ljava/lang/String;' in 'java/lang/ClassLoader')}
  0x000001d2a886171c: d248 bec8 | 0339 80d2 | 0100 0048 | c7c7 b001 | 0000 7507 | 48c7 c7a0 | 0100 0048 | 8b1c 3e48 
  0x000001d2a886173c: 8d5b 0148 | 891c 3e0f | 850f 0000 

  0x000001d2a8861748: ;   {oop(nullptr)}
  0x000001d2a8861748: 0048 bb00 | 0000 0000 | 0000 00e9 | 4701 0000 

  0x000001d2a8861758: ;   {metadata(method data for {method} {0x000001d2ba431068} 'defineClassSourceLocation' '(Ljava/security/ProtectionDomain;)Ljava/lang/String;' in 'java/lang/ClassLoader')}
  0x000001d2a8861758: 48be c803 | 3980 d201 | 0000 4883 | 86c0 0100 | 0001 483b | 024c 8bc2 

  0x000001d2a8861770: ;   {metadata(method data for {method} {0x000001d2ba431068} 'defineClassSourceLocation' '(Ljava/security/ProtectionDomain;)Ljava/lang/String;' in 'java/lang/ClassLoader')}
  0x000001d2a8861770: 48be c803 | 3980 d201 | 0000 4883 | 86f8 0100 

  0x000001d2a8861780: ;   {metadata(method data for {method} {0x000001d2ba01a838} 'toString' '()Ljava/lang/String;' in 'java/net/URL')}
  0x000001d2a8861780: 0001 49b8 | 68f7 3880 | d201 0000 | 418b b0cc | 0000 0083 | c602 4189 | b0cc 0000 | 0081 e6fe 
  0x000001d2a88617a0: ff1f 0085 | f60f 8400 | 0200 004c 

  0x000001d2a88617ac: ;   {metadata(method data for {method} {0x000001d2ba01a838} 'toString' '()Ljava/lang/String;' in 'java/net/URL')}
  0x000001d2a88617ac: 8bc2 48be | 68f7 3880 | d201 0000 | 4883 8610 | 0100 0001 

  0x000001d2a88617c0: ;   {metadata(method data for {method} {0x000001d2ba424c08} 'toExternalForm' '()Ljava/lang/String;' in 'java/net/URL')}
  0x000001d2a88617c0: 49b8 e880 | 3880 d201 | 0000 418b | b0cc 0000 | 0083 c602 | 4189 b0cc | 0000 0081 | e6fe ff1f 
  0x000001d2a88617e0: 0085 f60f | 84e3 0100 | 008b 7238 

  0x000001d2a88617ec: ; implicit exception: dispatches to 0x000001d2a88619ed
  0x000001d2a88617ec: 483b 064c 

  0x000001d2a88617f0: ;   {metadata(method data for {method} {0x000001d2ba424c08} 'toExternalForm' '()Ljava/lang/String;' in 'java/net/URL')}
  0x000001d2a88617f0: 8bc6 48bf | e880 3880 | d201 0000 | 458b 4008 | 49ba 0000 | 00ba d201 | 0000 4d03 | c24c 3b87 
  0x000001d2a8861810: 2001 0000 | 750d 4883 | 8728 0100 | 0001 e960 | 0000 004c | 3b87 3001 | 0000 750d | 4883 8738 
  0x000001d2a8861830: 0100 0001 | e94a 0000 | 0048 83bf | 2001 0000 | 0075 174c | 8987 2001 | 0000 48c7 | 8728 0100 
  0x000001d2a8861850: 0001 0000 | 00e9 2900 | 0000 4883 | bf30 0100 | 0000 7517 | 4c89 8730 | 0100 0048 | c787 3801 
  0x000001d2a8861870: 0000 0100 | 0000 e908 | 0000 0048 | 8387 1001 | 0000 014c | 8bc2 488b | d666 0f1f 

  0x000001d2a886188c: ;   {optimized virtual_call}
  0x000001d2a886188c: 4400 00e8 

  0x000001d2a8861890: ; ImmutableOopMap {[120]=Oop [128]=Oop [136]=Oop [152]=Oop }
                      ;*invokevirtual toExternalForm {reexecute=0 rethrow=0 return_oop=0}
                      ; - java.net.URL::toExternalForm@5
                      ; - java.net.URL::toString@1
                      ; - java.lang.ClassLoader::defineClassSourceLocation@22
                      ; - java.lang.ClassLoader::defineClass@12
  0x000001d2a8861890: 0cfc fdff 

  0x000001d2a8861894: ;   {other}
  0x000001d2a8861894: 0f1f 8400 | 0405 0001 | 488b d848 | 8b84 2498 | 0000 008b | b424 9400 | 0000 8bbc | 2490 0000 
  0x000001d2a88618b4: 004c 8b8c | 2488 0000 | 004c 8b84 | 2480 0000 | 0048 8b54 

  0x000001d2a88618c8: ;   {metadata(method data for {method} {0x000001d2ba431380} 'defineClass' '(Ljava/lang/String;[BIILjava/security/ProtectionDomain;)Ljava/lang/Class;' in 'java/lang/ClassLoader')}
  0x000001d2a88618c8: 2478 48b9 | b0fc 3880 | d201 0000 | 4883 8180 | 0100 0001 | 4c8b da49 | 8bd3 488b | c848 891c 
  0x000001d2a88618e8: 2466 0f1f 

  0x000001d2a88618ec: ;   {static_call}
  0x000001d2a88618ec: 4400 00e8 

  0x000001d2a88618f0: ; ImmutableOopMap {[120]=Oop [152]=Oop }
                      ;*invokestatic defineClass1 {reexecute=0 rethrow=0 return_oop=0}
                      ; - java.lang.ClassLoader::defineClass@27
  0x000001d2a88618f0: ec12 8f07 

  0x000001d2a88618f4: ;   {other}
  0x000001d2a88618f4: 0f1f 8400 | 6405 0002 | 488b 5424 

  0x000001d2a8861900: ;   {metadata(method data for {method} {0x000001d2ba431380} 'defineClass' '(Ljava/lang/String;[BIILjava/security/ProtectionDomain;)Ljava/lang/Class;' in 'java/lang/ClassLoader')}
  0x000001d2a8861900: 7849 b8b0 | fc38 80d2 | 0100 0049 | 8380 9001 | 0000 014c | 8bc0 4c8b | 8c24 9800 | 0000 488b 
  0x000001d2a8861920: 5424 7848 | 8984 24a0 | 0000 000f 

  0x000001d2a886192c: ;   {optimized virtual_call}
  0x000001d2a886192c: 1f40 00e8 

  0x000001d2a8861930: ; ImmutableOopMap {[160]=Oop }
                      ;*invokevirtual postDefineClass {reexecute=0 rethrow=0 return_oop=0}
                      ; - java.lang.ClassLoader::defineClass@37
  0x000001d2a8861930: ec9e 0900 

  0x000001d2a8861934: ;   {other}
  0x000001d2a8861934: 0f1f 8400 | a405 0003 | 488b 8424 | a000 0000 | 4881 c4b0 | 0000 005d 

  0x000001d2a886194c: ;   {poll_return}
  0x000001d2a886194c: 493b a748 | 0400 000f | 8799 0000 

  0x000001d2a8861958: ;   {metadata({method} {0x000001d2ba431380} 'defineClass' '(Ljava/lang/String;[BIILjava/security/ProtectionDomain;)Ljava/lang/Class;' in 'java/lang/ClassLoader')}
  0x000001d2a8861958: 00c3 49ba | 7813 43ba | d201 0000 | 4c89 5424 | 0848 c704 | 24ff ffff 

  0x000001d2a8861970: ;   {runtime_call counter_overflow Runtime1 stub}
  0x000001d2a8861970: ffe8 0a2a 

  0x000001d2a8861974: ; ImmutableOopMap {rdx=Oop r8=Oop r9=Oop rcx=Oop [120]=Oop }
                      ;*synchronization entry
                      ; - java.lang.ClassLoader::defineClass@-1
  0x000001d2a8861974: 3e07 e98f 

  0x000001d2a8861978: ;   {metadata({method} {0x000001d2ba431068} 'defineClassSourceLocation' '(Ljava/security/ProtectionDomain;)Ljava/lang/String;' in 'java/lang/ClassLoader')}
  0x000001d2a8861978: fcff ff49 | ba60 1043 | bad2 0100 | 004c 8954 | 2408 48c7 | 0424 ffff 

  0x000001d2a8861990: ;   {runtime_call counter_overflow Runtime1 stub}
  0x000001d2a8861990: ffff e8e9 

  0x000001d2a8861994: ; ImmutableOopMap {rax=Oop [120]=Oop [128]=Oop [136]=Oop [152]=Oop }
                      ;*synchronization entry
                      ; - java.lang.ClassLoader::defineClassSourceLocation@-1
                      ; - java.lang.ClassLoader::defineClass@12
  0x000001d2a8861994: 293e 07e9 | 08fd ffff 

  0x000001d2a886199c: ;   {runtime_call throw_null_pointer_exception Runtime1 stub}
  0x000001d2a886199c: e8ff ff34 

  0x000001d2a88619a0: ; ImmutableOopMap {rax=Oop [120]=Oop [128]=Oop [136]=Oop [152]=Oop }
                      ;*invokevirtual getCodeSource {reexecute=0 rethrow=0 return_oop=0}
                      ; - java.lang.ClassLoader::defineClassSourceLocation@1
                      ; - java.lang.ClassLoader::defineClass@12
                      ;   {runtime_call throw_null_pointer_exception Runtime1 stub}
  0x000001d2a88619a0: 07e8 faff 

  0x000001d2a88619a4: ; ImmutableOopMap {rax=Oop r8=Oop [120]=Oop [128]=Oop [136]=Oop [152]=Oop }
                      ;*invokevirtual getLocation {reexecute=0 rethrow=0 return_oop=0}
                      ; - java.lang.ClassLoader::defineClassSourceLocation@12
                      ; - java.lang.ClassLoader::defineClass@12
                      ;   {runtime_call throw_null_pointer_exception Runtime1 stub}
  0x000001d2a88619a4: 3407 e8f5 

  0x000001d2a88619a8: ; ImmutableOopMap {rdx=Oop [120]=Oop [128]=Oop [136]=Oop [152]=Oop }
                      ;*invokevirtual toString {reexecute=0 rethrow=0 return_oop=0}
                      ; - java.lang.ClassLoader::defineClassSourceLocation@22
                      ; - java.lang.ClassLoader::defineClass@12
                      ;   {metadata({method} {0x000001d2ba01a838} 'toString' '()Ljava/lang/String;' in 'java/net/URL')}
  0x000001d2a88619a8: ff34 0749 | ba30 a801 | bad2 0100 | 004c 8954 | 2408 48c7 | 0424 ffff 

  0x000001d2a88619c0: ;   {runtime_call counter_overflow Runtime1 stub}
  0x000001d2a88619c0: ffff e8b9 

  0x000001d2a88619c4: ; ImmutableOopMap {rdx=Oop [120]=Oop [128]=Oop [136]=Oop [152]=Oop }
                      ;*synchronization entry
                      ; - java.net.URL::toString@-1
                      ; - java.lang.ClassLoader::defineClassSourceLocation@22
                      ; - java.lang.ClassLoader::defineClass@12
  0x000001d2a88619c4: 293e 07e9 | dffd ffff 

  0x000001d2a88619cc: ;   {metadata({method} {0x000001d2ba424c08} 'toExternalForm' '()Ljava/lang/String;' in 'java/net/URL')}
  0x000001d2a88619cc: 49ba 004c | 42ba d201 | 0000 4c89 | 5424 0848 | c704 24ff 

  0x000001d2a88619e0: ;   {runtime_call counter_overflow Runtime1 stub}
  0x000001d2a88619e0: ffff ffe8 

  0x000001d2a88619e4: ; ImmutableOopMap {rdx=Oop [120]=Oop [128]=Oop [136]=Oop [152]=Oop }
                      ;*synchronization entry
                      ; - java.net.URL::toExternalForm@-1
                      ; - java.net.URL::toString@1
                      ; - java.lang.ClassLoader::defineClassSourceLocation@22
                      ; - java.lang.ClassLoader::defineClass@12
  0x000001d2a88619e4: 9829 3e07 | e9fc fdff 

  0x000001d2a88619ec: ;   {runtime_call throw_null_pointer_exception Runtime1 stub}
  0x000001d2a88619ec: ffe8 aeff 

  0x000001d2a88619f0: ; ImmutableOopMap {rdx=Oop rsi=Oop [120]=Oop [128]=Oop [136]=Oop [152]=Oop }
                      ;*invokevirtual toExternalForm {reexecute=0 rethrow=0 return_oop=0}
                      ; - java.net.URL::toExternalForm@5
                      ; - java.net.URL::toString@1
                      ; - java.lang.ClassLoader::defineClassSourceLocation@22
                      ; - java.lang.ClassLoader::defineClass@12
                      ;   {internal_word}
  0x000001d2a88619f0: 3407 49ba | 4c19 86a8 | d201 0000 | 4d89 9760 

  0x000001d2a8861a00: ;   {runtime_call SafepointBlob}
  0x000001d2a8861a00: 0400 00e9 | 7841 3307 | 498b 87f8 | 0400 0049 | c787 f804 | 0000 0000 | 0000 49c7 | 8700 0500 
  0x000001d2a8861a20: 0000 0000 | 0048 81c4 | b000 0000 

  0x000001d2a8861a2c: ;   {runtime_call unwind_exception Runtime1 stub}
  0x000001d2a8861a2c: 5de9 ce28 | 3507 f4f4 | f4f4 f4f4 
[Stub Code]
  0x000001d2a8861a38: ;   {no_reloc}
  0x000001d2a8861a38: 0f1f 4400 

  0x000001d2a8861a3c: ;   {static_stub}
  0x000001d2a8861a3c: 0048 bb00 | 0000 0000 

  0x000001d2a8861a44: ;   {runtime_call nmethod}
  0x000001d2a8861a44: 0000 00e9 | fbff ffff 

  0x000001d2a8861a4c: ;   {static_stub}
  0x000001d2a8861a4c: 48bb 0000 | 0000 0000 

  0x000001d2a8861a54: ;   {runtime_call nmethod}
  0x000001d2a8861a54: 0000 e9fb 

  0x000001d2a8861a58: ;   {static_stub}
  0x000001d2a8861a58: ffff ff48 | bb00 0000 | 0000 0000 

  0x000001d2a8861a64: ;   {runtime_call nmethod}
  0x000001d2a8861a64: 00e9 fbff 

  0x000001d2a8861a68: ;   {static_stub}
  0x000001d2a8861a68: ffff 48bb | a00f 43ba | d201 0000 

  0x000001d2a8861a74: ;   {runtime_call I2C/C2I adapters}
  0x000001d2a8861a74: e9f2 4f33 

  0x000001d2a8861a78: ;   {runtime_call handle_exception_from_callee Runtime1 stub}
  0x000001d2a8861a78: 07e8 0219 

  0x000001d2a8861a7c: ;   {external_word}
  0x000001d2a8861a7c: 3e07 48b9 | 907f a76f | f87f 0000 | 4883 e4f0 

  0x000001d2a8861a8c: ;   {runtime_call}
  0x000001d2a8861a8c: 48b8 e044 | 6a6f f87f | 0000 ffd0 

  0x000001d2a8861a98: ;   {section_word}
  0x000001d2a8861a98: f449 ba99 | 1a86 a8d2 | 0100 0041 

  0x000001d2a8861aa4: ;   {runtime_call DeoptimizationBlob}
  0x000001d2a8861aa4: 52e9 7655 | 3307 f4f4 | f4f4 f4f4 
[/MachCode]


Compiled method (c1) 6269 1024       3       java.lang.ClassLoader::loadClass (7 bytes)
 total in heap  [0x000001d2a87a6190,0x000001d2a87a6580] = 1008
 relocation     [0x000001d2a87a62f0,0x000001d2a87a6330] = 64
 main code      [0x000001d2a87a6340,0x000001d2a87a64d0] = 400
 stub code      [0x000001d2a87a64d0,0x000001d2a87a6518] = 72
 metadata       [0x000001d2a87a6518,0x000001d2a87a6520] = 8
 scopes data    [0x000001d2a87a6520,0x000001d2a87a6538] = 24
 scopes pcs     [0x000001d2a87a6538,0x000001d2a87a6578] = 64
 dependencies   [0x000001d2a87a6578,0x000001d2a87a6580] = 8

[Constant Pool (empty)]

[MachCode]
[Entry Point]
  # {method} {0x000001d2ba0140e8} 'loadClass' '(Ljava/lang/String;)Ljava/lang/Class;' in 'java/lang/ClassLoader'
  # this:     rdx:rdx   = 'java/lang/ClassLoader'
  # parm0:    r8:r8     = 'java/lang/String'
  #           [sp+0x40]  (sp of caller)
  0x000001d2a87a6340: 448b 5208 | 49bb 0000 | 00ba d201 | 0000 4d03 | d34c 3bd0 

  0x000001d2a87a6354: ;   {runtime_call ic_miss_stub}
  0x000001d2a87a6354: 0f85 2683 | 3e07 660f | 1f44 0000 
[Verified Entry Point]
  0x000001d2a87a6360: 8984 2400 | 80ff ff55 | 4883 ec30 | 4181 7f20 | 0100 0000 

  0x000001d2a87a6374: ;   {runtime_call StubRoutines (final stubs)}
  0x000001d2a87a6374: 7405 e885 

  0x000001d2a87a6378: ;   {metadata(method data for {method} {0x000001d2ba0140e8} 'loadClass' '(Ljava/lang/String;)Ljava/lang/Class;' in 'java/lang/ClassLoader')}
  0x000001d2a87a6378: 743d 0749 | b9b0 502a | 80d2 0100 | 0041 8bb1 | cc00 0000 | 83c6 0241 | 89b1 cc00 | 0000 81e6 
  0x000001d2a87a6398: fe07 0000 | 85f6 0f84 | cb00 0000 

  0x000001d2a87a63a4: ;   {metadata(method data for {method} {0x000001d2ba0140e8} 'loadClass' '(Ljava/lang/String;)Ljava/lang/Class;' in 'java/lang/ClassLoader')}
  0x000001d2a87a63a4: 4c8b ca48 | beb0 502a | 80d2 0100 | 0045 8b49 | 0849 ba00 | 0000 bad2 | 0100 004d | 03ca 4c3b 
  0x000001d2a87a63c4: 8e20 0100 | 0075 0d48 | 8386 2801 | 0000 01e9 | 6000 0000 | 4c3b 8e30 | 0100 0075 | 0d48 8386 
  0x000001d2a87a63e4: 3801 0000 | 01e9 4a00 | 0000 4883 | be20 0100 | 0000 7517 | 4c89 8e20 | 0100 0048 | c786 2801 
  0x000001d2a87a6404: 0000 0100 | 0000 e929 | 0000 0048 | 83be 3001 | 0000 0075 | 174c 898e | 3001 0000 | 48c7 8638 
  0x000001d2a87a6424: 0100 0001 | 0000 00e9 | 0800 0000 | 4883 8610 | 0100 0001 | 41b9 0000 | 0000 0f1f | 8000 0000 
  0x000001d2a87a6444: 0048 b8ff | ffff ffff 

  0x000001d2a87a644c: ;   {virtual_call}
  0x000001d2a87a644c: ffff ffe8 

  0x000001d2a87a6450: ; ImmutableOopMap {}
                      ;*invokevirtual loadClass {reexecute=0 rethrow=0 return_oop=0}
                      ; - java.lang.ClassLoader::loadClass@3
  0x000001d2a87a6450: 546b 4a07 

  0x000001d2a87a6454: ;   {other}
  0x000001d2a87a6454: 0f1f 8400 | c402 0000 | 4883 c430 

  0x000001d2a87a6460: ;   {poll_return}
  0x000001d2a87a6460: 5d49 3ba7 | 4804 0000 | 0f87 2200 

  0x000001d2a87a646c: ;   {metadata({method} {0x000001d2ba0140e8} 'loadClass' '(Ljava/lang/String;)Ljava/lang/Class;' in 'java/lang/ClassLoader')}
  0x000001d2a87a646c: 0000 c349 | bae0 4001 | bad2 0100 | 004c 8954 | 2408 48c7 | 0424 ffff 

  0x000001d2a87a6484: ;   {runtime_call counter_overflow Runtime1 stub}
  0x000001d2a87a6484: ffff e8f5 

  0x000001d2a87a6488: ; ImmutableOopMap {rdx=Oop r8=Oop }
                      ;*synchronization entry
                      ; - java.lang.ClassLoader::loadClass@-1
  0x000001d2a87a6488: de49 07e9 | 14ff ffff 

  0x000001d2a87a6490: ;   {internal_word}
  0x000001d2a87a6490: 49ba 6164 | 7aa8 d201 | 0000 4d89 | 9760 0400 

  0x000001d2a87a64a0: ;   {runtime_call SafepointBlob}
  0x000001d2a87a64a0: 00e9 daf6 | 3e07 498b | 87f8 0400 | 0049 c787 | f804 0000 | 0000 0000 | 49c7 8700 | 0500 0000 
  0x000001d2a87a64c0: 0000 0048 | 83c4 305d 

  0x000001d2a87a64c8: ;   {runtime_call unwind_exception Runtime1 stub}
  0x000001d2a87a64c8: e933 de40 | 07f4 f4f4 
[Stub Code]
  0x000001d2a87a64d0: ;   {no_reloc}
  0x000001d2a87a64d0: 0f1f 4400 

  0x000001d2a87a64d4: ;   {static_stub}
  0x000001d2a87a64d4: 0048 bb00 | 0000 0000 

  0x000001d2a87a64dc: ;   {runtime_call nmethod}
  0x000001d2a87a64dc: 0000 00e9 | fbff ffff 
[Exception Handler]
  0x000001d2a87a64e4: ;   {runtime_call handle_exception_from_callee Runtime1 stub}
  0x000001d2a87a64e4: e897 ce49 

  0x000001d2a87a64e8: ;   {external_word}
  0x000001d2a87a64e8: 0748 b990 | 7fa7 6ff8 | 7f00 0048 

  0x000001d2a87a64f4: ;   {runtime_call}
  0x000001d2a87a64f4: 83e4 f048 | b8e0 446a | 6ff8 7f00 | 00ff d0f4 
[Deopt Handler Code]
  0x000001d2a87a6504: ;   {section_word}
  0x000001d2a87a6504: 49ba 0465 | 7aa8 d201 | 0000 4152 

  0x000001d2a87a6510: ;   {runtime_call DeoptimizationBlob}
  0x000001d2a87a6510: e90b 0b3f | 07f4 f4f4 
[/MachCode]


---------------  P R O C E S S  ---------------

Threads class SMR info:
_java_thread_list=0x000001d2fd45fa50, length=15, elements={
0x000001d2a541eba0, 0x000001d2a54c33d0, 0x000001d2b980cad0, 0x000001d2a54c6520,
0x000001d2a54c7170, 0x000001d2a54c7dc0, 0x000001d2a54ca820, 0x000001d2a54cda60,
0x000001d2fbd4a8d0, 0x000001d2fbddd7c0, 0x000001d2fc064bf0, 0x000001d2fceff980,
0x000001d2fd579110, 0x000001d2fd3ff000, 0x000001d2fd46db20
}

Java Threads: ( => current thread )
  0x000001d2a541eba0 JavaThread "main"                              [_thread_blocked, id=28380, stack(0x00000002d5100000,0x00000002d5200000) (1024K)]
  0x000001d2a54c33d0 JavaThread "Reference Handler"          daemon [_thread_blocked, id=28452, stack(0x00000002d5500000,0x00000002d5600000) (1024K)]
  0x000001d2b980cad0 JavaThread "Finalizer"                  daemon [_thread_blocked, id=28428, stack(0x00000002d5600000,0x00000002d5700000) (1024K)]
  0x000001d2a54c6520 JavaThread "Signal Dispatcher"          daemon [_thread_blocked, id=28108, stack(0x00000002d5700000,0x00000002d5800000) (1024K)]
  0x000001d2a54c7170 JavaThread "Attach Listener"            daemon [_thread_blocked, id=27076, stack(0x00000002d5800000,0x00000002d5900000) (1024K)]
  0x000001d2a54c7dc0 JavaThread "Service Thread"             daemon [_thread_blocked, id=28524, stack(0x00000002d5900000,0x00000002d5a00000) (1024K)]
  0x000001d2a54ca820 JavaThread "Monitor Deflation Thread"   daemon [_thread_blocked, id=28120, stack(0x00000002d5a00000,0x00000002d5b00000) (1024K)]
  0x000001d2a54cda60 JavaThread "C2 CompilerThread0"         daemon [_thread_blocked, id=28024, stack(0x00000002d5b00000,0x00000002d5c00000) (1024K)]
  0x000001d2fbd4a8d0 JavaThread "C1 CompilerThread0"         daemon [_thread_blocked, id=28012, stack(0x00000002d5c00000,0x00000002d5d00000) (1024K)]
  0x000001d2fbddd7c0 JavaThread "Common-Cleaner"             daemon [_thread_blocked, id=28444, stack(0x00000002d5d00000,0x00000002d5e00000) (1024K)]
  0x000001d2fc064bf0 JavaThread "Notification Thread"        daemon [_thread_blocked, id=15344, stack(0x00000002d5e00000,0x00000002d5f00000) (1024K)]
  0x000001d2fceff980 JavaThread "Active Thread: Equinox Container: 8b71e2f1-fb13-4fb1-8554-19a01e1d99ae"        [_thread_blocked, id=28180, stack(0x00000002d6600000,0x00000002d6700000) (1024K)]
  0x000001d2fd579110 JavaThread "Refresh Thread: Equinox Container: 8b71e2f1-fb13-4fb1-8554-19a01e1d99ae" daemon [_thread_blocked, id=12248, stack(0x00000002d6500000,0x00000002d6600000) (1024K)]
  0x000001d2fd3ff000 JavaThread "Framework Event Dispatcher: Equinox Container: 8b71e2f1-fb13-4fb1-8554-19a01e1d99ae" daemon [_thread_blocked, id=13576, stack(0x00000002d6800000,0x00000002d6900000) (1024K)]
=>0x000001d2fd46db20 JavaThread "Start Level: Equinox Container: 8b71e2f1-fb13-4fb1-8554-19a01e1d99ae" daemon [_thread_in_vm, id=440, stack(0x00000002d6900000,0x00000002d6a00000) (1024K)]
Total: 15

Other Threads:
  0x000001d2b97f4910 VMThread "VM Thread"                           [id=28052, stack(0x00000002d5400000,0x00000002d5500000) (1024K)]
  0x000001d2a548c880 WatcherThread "VM Periodic Task Thread"        [id=28048, stack(0x00000002d5300000,0x00000002d5400000) (1024K)]
  0x000001d2a543e230 WorkerThread "GC Thread#0"                     [id=27812, stack(0x00000002d5200000,0x00000002d5300000) (1024K)]
  0x000001d2fd15e980 WorkerThread "GC Thread#1"                     [id=28588, stack(0x00000002d5f00000,0x00000002d6000000) (1024K)]
  0x000001d2fd1d9a20 WorkerThread "GC Thread#2"                     [id=28156, stack(0x00000002d6000000,0x00000002d6100000) (1024K)]
  0x000001d2fd1d9dc0 WorkerThread "GC Thread#3"                     [id=27888, stack(0x00000002d6100000,0x00000002d6200000) (1024K)]
  0x000001d2fd1da160 WorkerThread "GC Thread#4"                     [id=24268, stack(0x00000002d6200000,0x00000002d6300000) (1024K)]
  0x000001d2fd1da500 WorkerThread "GC Thread#5"                     [id=28208, stack(0x00000002d6300000,0x00000002d6400000) (1024K)]
  0x000001d2fd1da8a0 WorkerThread "GC Thread#6"                     [id=24064, stack(0x00000002d6400000,0x00000002d6500000) (1024K)]
  0x000001d2fd46cf70 WorkerThread "GC Thread#7"                     [id=28328, stack(0x00000002d6700000,0x00000002d6800000) (1024K)]
Total: 10

Threads with active compile tasks:
Total: 0

VM state: not at safepoint (normal execution)

VM Mutex/Monitor currently owned by a thread:  ([mutex/lock_event])
[0x00007ff86fd2c308] Metaspace_lock - owner thread: 0x000001d2fd46db20

Heap address: 0x00000000c0000000, size: 1024 MB, Compressed Oops mode: 32-bit

CDS archive(s) mapped at: [0x000001d2ba000000-0x000001d2baba0000-0x000001d2baba0000), size 12189696, SharedBaseAddress: 0x000001d2ba000000, ArchiveRelocationMode: 1.
Compressed class space mapped at: 0x000001d2bb000000-0x000001d2fb000000, reserved size: 1073741824
Narrow klass base: 0x000001d2ba000000, Narrow klass shift: 0, Narrow klass range: 0x100000000

GC Precious Log:
 CardTable entry size: 512
 CPUs: 12 total, 12 available
 Memory: 7830M
 Large Page Support: Disabled
 NUMA Support: Disabled
 Compressed Oops: Enabled (32-bit)
 Alignments: Space 512K, Generation 512K, Heap 2M
 Heap Min Capacity: 100M
 Heap Initial Capacity: 100M
 Heap Max Capacity: 1G
 Pre-touch: Disabled
 Parallel Workers: 10

Heap:
 PSYoungGen      total 29696K, used 7812K [0x00000000eab00000, 0x00000000ecc00000, 0x0000000100000000)
  eden space 25600K, 14% used [0x00000000eab00000,0x00000000eaea8b28,0x00000000ec400000)
  from space 4096K, 99% used [0x00000000ec800000,0x00000000ecbf8750,0x00000000ecc00000)
  to   space 4096K, 0% used [0x00000000ec400000,0x00000000ec400000,0x00000000ec800000)
 ParOldGen       total 68608K, used 1885K [0x00000000c0000000, 0x00000000c4300000, 0x00000000eab00000)
  object space 68608K, 2% used [0x00000000c0000000,0x00000000c01d76b8,0x00000000c4300000)
 Metaspace       used 8500K, committed 8768K, reserved 1114112K
  class space    used 870K, committed 1024K, reserved 1048576K

Card table byte_map: [0x000001d2a4df0000,0x000001d2a5000000] _byte_map_base: 0x000001d2a47f0000

Marking Bits: (ParMarkBitMap*) 0x00007ff86fd331f0
 Begin Bits: [0x000001d2b7610000, 0x000001d2b8610000)
 End Bits:   [0x000001d2b8610000, 0x000001d2b9610000)

Polling page: 0x000001d2a4be0000

Metaspace:

Usage:
  Non-class:      7.45 MB used.
      Class:    870.06 KB used.
       Both:      8.30 MB used.

Virtual space:
  Non-class space:       64.00 MB reserved,       7.56 MB ( 12%) committed,  1 nodes.
      Class space:        1.00 GB reserved,       1.00 MB ( <1%) committed,  1 nodes.
             Both:        1.06 GB reserved,       8.56 MB ( <1%) committed. 

Chunk freelists:
   Non-Class:  8.00 MB
       Class:  14.86 MB
        Both:  22.85 MB

MaxMetaspaceSize: unlimited
CompressedClassSpaceSize: 1.00 GB
Initial GC threshold: 21.00 MB
Current GC threshold: 21.00 MB
CDS: on
 - commit_granule_bytes: 65536.
 - commit_granule_words: 8192.
 - virtual_space_node_default_size: 8388608.
 - enlarge_chunks_in_place: 1.
 - use_allocation_guard: 0.


Internal statistics:

num_allocs_failed_limit: 0.
num_arena_births: 264.
num_arena_deaths: 0.
num_vsnodes_births: 2.
num_vsnodes_deaths: 0.
num_space_committed: 137.
num_space_uncommitted: 0.
num_chunks_returned_to_freelist: 0.
num_chunks_taken_from_freelist: 454.
num_chunk_merges: 0.
num_chunk_splits: 307.
num_chunks_enlarged: 211.
num_inconsistent_stats: 0.

CodeHeap 'non-profiled nmethods': size=120000Kb used=848Kb max_used=848Kb free=119151Kb
 bounds [0x000001d2b00e0000, 0x000001d2b0350000, 0x000001d2b7610000]
CodeHeap 'profiled nmethods': size=120000Kb used=3484Kb max_used=3484Kb free=116515Kb
 bounds [0x000001d2a8610000, 0x000001d2a8980000, 0x000001d2afb40000]
CodeHeap 'non-nmethods': size=5760Kb used=1227Kb max_used=1248Kb free=4532Kb
 bounds [0x000001d2afb40000, 0x000001d2afdb0000, 0x000001d2b00e0000]
 total_blobs=2377 nmethods=1893 adapters=391
 compilation: enabled
              stopped_count=0, restarted_count=0
 full_count=0

Compilation events (20 events):
Event: 6.020 Thread 0x000001d2fbd4a8d0 1884       3       org.eclipse.osgi.container.Module::compareTo (9 bytes)
Event: 6.020 Thread 0x000001d2fbd4a8d0 nmethod 1884 0x000001d2a8973c10 code [0x000001d2a8973dc0, 0x000001d2a8973ff0]
Event: 6.021 Thread 0x000001d2fbd4a8d0 1885       3       org.eclipse.osgi.container.Module::compareTo (54 bytes)
Event: 6.021 Thread 0x000001d2fbd4a8d0 nmethod 1885 0x000001d2a8974090 code [0x000001d2a8974260, 0x000001d2a8974550]
Event: 6.021 Thread 0x000001d2fbd4a8d0 1886       3       java.util.ArrayList$SubList::checkForComodification (23 bytes)
Event: 6.022 Thread 0x000001d2fbd4a8d0 nmethod 1886 0x000001d2a8974690 code [0x000001d2a8974840, 0x000001d2a8974a68]
Event: 6.030 Thread 0x000001d2fbd4a8d0 1887       1       org.eclipse.osgi.framework.eventmgr.CopyOnWriteIdentityMap::entries (5 bytes)
Event: 6.030 Thread 0x000001d2fbd4a8d0 nmethod 1887 0x000001d2b01b3f90 code [0x000001d2b01b4120, 0x000001d2b01b41e8]
Event: 6.036 Thread 0x000001d2fbd4a8d0 1888       3       org.eclipse.osgi.container.Module$StartOptions::isContained (38 bytes)
Event: 6.037 Thread 0x000001d2fbd4a8d0 nmethod 1888 0x000001d2a8974b90 code [0x000001d2a8974d40, 0x000001d2a8975028]
Event: 6.039 Thread 0x000001d2fbd4a8d0 1889       3       java.util.Collections$SingletonMap::get (20 bytes)
Event: 6.039 Thread 0x000001d2fbd4a8d0 nmethod 1889 0x000001d2a8975190 code [0x000001d2a8975360, 0x000001d2a89756c0]
Event: 6.060 Thread 0x000001d2fbd4a8d0 1890       3       java.util.jar.Manifest::getTrustedAttributes (57 bytes)
Event: 6.061 Thread 0x000001d2fbd4a8d0 nmethod 1890 0x000001d2a8975810 code [0x000001d2a8975a80, 0x000001d2a8976388]
Event: 6.097 Thread 0x000001d2fbd4a8d0 1891       3       java.lang.invoke.DirectMethodHandle$Constructor::<init> (44 bytes)
Event: 6.098 Thread 0x000001d2fbd4a8d0 nmethod 1891 0x000001d2a8976710 code [0x000001d2a89768c0, 0x000001d2a8976a58]
Event: 6.114 Thread 0x000001d2fbd4a8d0 1892       3       sun.invoke.util.VerifyAccess::getClassModifiers (24 bytes)
Event: 6.115 Thread 0x000001d2fbd4a8d0 nmethod 1892 0x000001d2a8976b10 code [0x000001d2a8976ce0, 0x000001d2a8976f18]
Event: 6.120 Thread 0x000001d2fbd4a8d0 1893       3       java.lang.invoke.MethodHandleNatives::refKindHasReceiver (33 bytes)
Event: 6.121 Thread 0x000001d2fbd4a8d0 nmethod 1893 0x000001d2a8977010 code [0x000001d2a89771a0, 0x000001d2a89772f0]

GC Heap History (4 events):
Event: 2.741 GC heap before
{Heap before GC invocations=1 (full 0):
 PSYoungGen      total 29696K, used 25600K [0x00000000eab00000, 0x00000000ecc00000, 0x0000000100000000)
  eden space 25600K, 100% used [0x00000000eab00000,0x00000000ec400000,0x00000000ec400000)
  from space 4096K, 0% used [0x00000000ec800000,0x00000000ec800000,0x00000000ecc00000)
  to   space 4096K, 0% used [0x00000000ec400000,0x00000000ec400000,0x00000000ec800000)
 ParOldGen       total 68608K, used 0K [0x00000000c0000000, 0x00000000c4300000, 0x00000000eab00000)
  object space 68608K, 0% used [0x00000000c0000000,0x00000000c0000000,0x00000000c4300000)
 Metaspace       used 4354K, committed 4608K, reserved 1114112K
  class space    used 460K, committed 576K, reserved 1048576K
}
Event: 2.754 GC heap after
{Heap after GC invocations=1 (full 0):
 PSYoungGen      total 29696K, used 3270K [0x00000000eab00000, 0x00000000ecc00000, 0x0000000100000000)
  eden space 25600K, 0% used [0x00000000eab00000,0x00000000eab00000,0x00000000ec400000)
  from space 4096K, 79% used [0x00000000ec400000,0x00000000ec731870,0x00000000ec800000)
  to   space 4096K, 0% used [0x00000000ec800000,0x00000000ec800000,0x00000000ecc00000)
 ParOldGen       total 68608K, used 16K [0x00000000c0000000, 0x00000000c4300000, 0x00000000eab00000)
  object space 68608K, 0% used [0x00000000c0000000,0x00000000c0004000,0x00000000c4300000)
 Metaspace       used 4354K, committed 4608K, reserved 1114112K
  class space    used 460K, committed 576K, reserved 1048576K
}
Event: 5.904 GC heap before
{Heap before GC invocations=2 (full 0):
 PSYoungGen      total 29696K, used 28842K [0x00000000eab00000, 0x00000000ecc00000, 0x0000000100000000)
  eden space 25600K, 99% used [0x00000000eab00000,0x00000000ec3f9110,0x00000000ec400000)
  from space 4096K, 79% used [0x00000000ec400000,0x00000000ec731870,0x00000000ec800000)
  to   space 4096K, 0% used [0x00000000ec800000,0x00000000ec800000,0x00000000ecc00000)
 ParOldGen       total 68608K, used 16K [0x00000000c0000000, 0x00000000c4300000, 0x00000000eab00000)
  object space 68608K, 0% used [0x00000000c0000000,0x00000000c0004000,0x00000000c4300000)
 Metaspace       used 8091K, committed 8384K, reserved 1114112K
  class space    used 815K, committed 960K, reserved 1048576K
}
Event: 5.916 GC heap after
{Heap after GC invocations=2 (full 0):
 PSYoungGen      total 29696K, used 4065K [0x00000000eab00000, 0x00000000ecc00000, 0x0000000100000000)
  eden space 25600K, 0% used [0x00000000eab00000,0x00000000eab00000,0x00000000ec400000)
  from space 4096K, 99% used [0x00000000ec800000,0x00000000ecbf8750,0x00000000ecc00000)
  to   space 4096K, 0% used [0x00000000ec400000,0x00000000ec400000,0x00000000ec800000)
 ParOldGen       total 68608K, used 1885K [0x00000000c0000000, 0x00000000c4300000, 0x00000000eab00000)
  object space 68608K, 2% used [0x00000000c0000000,0x00000000c01d76b8,0x00000000c4300000)
 Metaspace       used 8091K, committed 8384K, reserved 1114112K
  class space    used 815K, committed 960K, reserved 1048576K
}

Dll operation events (9 events):
Event: 0.047 Loaded shared library c:\Users\rojas\.vscode\extensions\redhat.java-1.42.0-win32-x64\jre\21.0.7-win32-x86_64\bin\java.dll
Event: 0.302 Loaded shared library c:\Users\rojas\.vscode\extensions\redhat.java-1.42.0-win32-x64\jre\21.0.7-win32-x86_64\bin\zip.dll
Event: 0.365 Loaded shared library C:\Users\rojas\.vscode\extensions\redhat.java-1.42.0-win32-x64\jre\21.0.7-win32-x86_64\bin\instrument.dll
Event: 0.383 Loaded shared library C:\Users\rojas\.vscode\extensions\redhat.java-1.42.0-win32-x64\jre\21.0.7-win32-x86_64\bin\net.dll
Event: 0.390 Loaded shared library C:\Users\rojas\.vscode\extensions\redhat.java-1.42.0-win32-x64\jre\21.0.7-win32-x86_64\bin\nio.dll
Event: 0.427 Loaded shared library C:\Users\rojas\.vscode\extensions\redhat.java-1.42.0-win32-x64\jre\21.0.7-win32-x86_64\bin\zip.dll
Event: 0.501 Loaded shared library C:\Users\rojas\.vscode\extensions\redhat.java-1.42.0-win32-x64\jre\21.0.7-win32-x86_64\bin\jimage.dll
Event: 0.783 Loaded shared library c:\Users\rojas\.vscode\extensions\redhat.java-1.42.0-win32-x64\jre\21.0.7-win32-x86_64\bin\verify.dll
Event: 5.911 Loaded shared library C:\Users\rojas\AppData\Roaming\Code\User\globalStorage\redhat.java\1.42.0\config_win\org.eclipse.equinox.launcher\org.eclipse.equinox.launcher.win32.win32.x86_64_1.2.1300.v20250331-1702\eclipse_11911.dll

Deoptimization events (20 events):
Event: 5.747 Thread 0x000001d2a541eba0 DEOPT PACKING pc=0x000001d2a874e939 sp=0x00000002d51feba0
Event: 5.747 Thread 0x000001d2a541eba0 DEOPT UNPACKING pc=0x000001d2afb978e2 sp=0x00000002d51fe0a0 mode 0
Event: 5.763 Thread 0x000001d2a541eba0 DEOPT PACKING pc=0x000001d2a874e939 sp=0x00000002d51fec00
Event: 5.763 Thread 0x000001d2a541eba0 DEOPT UNPACKING pc=0x000001d2afb978e2 sp=0x00000002d51fe100 mode 0
Event: 5.932 Thread 0x000001d2fd579110 Uncommon trap: trap_request=0xffffff45 fr.pc=0x000001d2b01261ec relative=0x00000000000004ec
Event: 5.932 Thread 0x000001d2fd579110 Uncommon trap: reason=unstable_if action=reinterpret pc=0x000001d2b01261ec method=java.util.HashMap$HashIterator.<init>(Ljava/util/HashMap;)V @ 45 c2
Event: 5.932 Thread 0x000001d2fd579110 DEOPT PACKING pc=0x000001d2b01261ec sp=0x00000002d65fed60
Event: 5.932 Thread 0x000001d2fd579110 DEOPT UNPACKING pc=0x000001d2afb96da2 sp=0x00000002d65febd0 mode 2
Event: 5.940 Thread 0x000001d2fd579110 Uncommon trap: trap_request=0xffffff45 fr.pc=0x000001d2b0114fc4 relative=0x00000000000002a4
Event: 5.940 Thread 0x000001d2fd579110 Uncommon trap: reason=unstable_if action=reinterpret pc=0x000001d2b0114fc4 method=java.util.HashMap$HashIterator.<init>(Ljava/util/HashMap;)V @ 45 c2
Event: 5.940 Thread 0x000001d2fd579110 DEOPT PACKING pc=0x000001d2b0114fc4 sp=0x00000002d65fec00
Event: 5.940 Thread 0x000001d2fd579110 DEOPT UNPACKING pc=0x000001d2afb96da2 sp=0x00000002d65feb98 mode 2
Event: 6.047 Thread 0x000001d2fd46db20 Uncommon trap: trap_request=0xffffff45 fr.pc=0x000001d2b01648b4 relative=0x0000000000000094
Event: 6.047 Thread 0x000001d2fd46db20 Uncommon trap: reason=unstable_if action=reinterpret pc=0x000001d2b01648b4 method=java.util.concurrent.locks.ReentrantLock$Sync.tryRelease(I)Z @ 26 c2
Event: 6.047 Thread 0x000001d2fd46db20 DEOPT PACKING pc=0x000001d2b01648b4 sp=0x00000002d69fddf0
Event: 6.047 Thread 0x000001d2fd46db20 DEOPT UNPACKING pc=0x000001d2afb96da2 sp=0x00000002d69fdd70 mode 2
Event: 6.066 Thread 0x000001d2fd46db20 Uncommon trap: trap_request=0xffffff6e fr.pc=0x000001d2b01545a8 relative=0x0000000000000368
Event: 6.066 Thread 0x000001d2fd46db20 Uncommon trap: reason=loop_limit_check action=maybe_recompile pc=0x000001d2b01545a8 method=java.lang.StringLatin1.indexOf([BI[BII)I @ 37 c2
Event: 6.066 Thread 0x000001d2fd46db20 DEOPT PACKING pc=0x000001d2b01545a8 sp=0x00000002d69fcac0
Event: 6.066 Thread 0x000001d2fd46db20 DEOPT UNPACKING pc=0x000001d2afb96da2 sp=0x00000002d69fca20 mode 2

Classes loaded (20 events):
Event: 5.942 Loading class java/util/concurrent/CancellationException
Event: 5.942 Loading class java/util/concurrent/CancellationException done
Event: 5.951 Loading class java/lang/CloneNotSupportedException
Event: 5.951 Loading class java/lang/CloneNotSupportedException done
Event: 5.991 Loading class java/util/concurrent/ExecutionException
Event: 5.991 Loading class java/util/concurrent/ExecutionException done
Event: 5.991 Loading class java/util/concurrent/ConcurrentLinkedQueue
Event: 5.992 Loading class java/util/concurrent/ConcurrentLinkedQueue done
Event: 5.992 Loading class java/util/concurrent/ConcurrentLinkedQueue$Node
Event: 5.992 Loading class java/util/concurrent/ConcurrentLinkedQueue$Node done
Event: 6.024 Loading class java/util/concurrent/CountDownLatch
Event: 6.024 Loading class java/util/concurrent/CountDownLatch done
Event: 6.025 Loading class java/util/concurrent/CountDownLatch$Sync
Event: 6.025 Loading class java/util/concurrent/CountDownLatch$Sync done
Event: 6.129 Loading class jdk/internal/logger/LoggerFinderLoader
Event: 6.129 Loading class jdk/internal/logger/LoggerFinderLoader done
Event: 6.131 Loading class jdk/internal/logger/LoggerFinderLoader$TemporaryLoggerFinder
Event: 6.132 Loading class jdk/internal/logger/LoggerFinderLoader$TemporaryLoggerFinder done
Event: 6.135 Loading class sun/util/logging/internal/LoggingProviderImpl$JULWrapper
Event: 6.135 Loading class sun/util/logging/internal/LoggingProviderImpl$JULWrapper done

Classes unloaded (0 events):
No events

Classes redefined (0 events):
No events

Internal exceptions (20 events):
Event: 2.609 Thread 0x000001d2a541eba0 Exception <a 'java/lang/ClassNotFoundException'{0x00000000ec3c0ae8}: sun/net/www/protocol/c/Handler> (0x00000000ec3c0ae8) 
thrown [s\src\hotspot\share\classfile\systemDictionary.cpp, line 312]
Event: 2.612 Thread 0x000001d2a541eba0 Exception <a 'java/lang/ClassNotFoundException'{0x00000000ec3c1d48}: sun/net/www/protocol/c/Handler> (0x00000000ec3c1d48) 
thrown [s\src\hotspot\share\classfile\systemDictionary.cpp, line 312]
Event: 2.734 Thread 0x000001d2a541eba0 Exception <a 'java/io/FileNotFoundException'{0x00000000ec3eb730}> (0x00000000ec3eb730) 
thrown [s\src\hotspot\share\prims\jni.cpp, line 520]
Event: 2.876 Thread 0x000001d2a541eba0 Implicit null exception at 0x000001d2b013ccc9 to 0x000001d2b013d650
Event: 2.878 Thread 0x000001d2a541eba0 Implicit null exception at 0x000001d2b014879a to 0x000001d2b01489a4
Event: 2.889 Thread 0x000001d2a541eba0 Exception <a 'java/lang/NoSuchMethodError'{0x00000000eac57d50}: 'void java.lang.invoke.DirectMethodHandle$Holder.invokeStatic(java.lang.Object, java.lang.Object, java.lang.Object, java.lang.Object)'> (0x00000000eac57d50) 
thrown [s\src\hotspot\share\interpreter\linkResolver.cpp, line 773]
Event: 2.898 Thread 0x000001d2a541eba0 Implicit null exception at 0x000001d2b014329a to 0x000001d2b01434a4
Event: 2.898 Thread 0x000001d2a541eba0 Implicit null exception at 0x000001d2b014003d to 0x000001d2b01400c1
Event: 3.202 Thread 0x000001d2a541eba0 Exception <a 'java/lang/NoSuchMethodError'{0x00000000eae54a38}: 'long java.lang.invoke.DirectMethodHandle$Holder.invokeStatic(java.lang.Object, java.lang.Object, int)'> (0x00000000eae54a38) 
thrown [s\src\hotspot\share\interpreter\linkResolver.cpp, line 773]
Event: 3.203 Thread 0x000001d2a541eba0 Exception <a 'java/lang/NoSuchMethodError'{0x00000000eae5c428}: 'java.lang.Object java.lang.invoke.DirectMethodHandle$Holder.invokeSpecial(java.lang.Object, java.lang.Object, java.lang.Object, java.lang.Object, long)'> (0x00000000eae5c428) 
thrown [s\src\hotspot\share\interpreter\linkResolver.cpp, line 773]
Event: 3.205 Thread 0x000001d2a541eba0 Exception <a 'java/lang/NoSuchMethodError'{0x00000000eae69e20}: 'java.lang.Object java.lang.invoke.DirectMethodHandle$Holder.invokeSpecial(java.lang.Object, java.lang.Object, java.lang.Object, int, java.lang.Object)'> (0x00000000eae69e20) 
thrown [s\src\hotspot\share\interpreter\linkResolver.cpp, line 773]
Event: 3.213 Thread 0x000001d2a541eba0 Exception <a 'java/lang/NoSuchMethodError'{0x00000000eae93688}: 'int java.lang.invoke.DirectMethodHandle$Holder.invokeStaticInit(java.lang.Object, java.lang.Object, java.lang.Object, java.lang.Object)'> (0x00000000eae93688) 
thrown [s\src\hotspot\share\interpreter\linkResolver.cpp, line 773]
Event: 3.219 Thread 0x000001d2a541eba0 Exception <a 'java/lang/IncompatibleClassChangeError'{0x00000000eae9bb88}: Found class java.lang.Object, but interface was expected> (0x00000000eae9bb88) 
thrown [s\src\hotspot\share\interpreter\linkResolver.cpp, line 840]
Event: 3.220 Thread 0x000001d2a541eba0 Exception <a 'java/lang/NoSuchMethodError'{0x00000000eae9fd28}: 'void java.lang.invoke.DirectMethodHandle$Holder.invokeStaticInit(java.lang.Object, java.lang.Object)'> (0x00000000eae9fd28) 
thrown [s\src\hotspot\share\interpreter\linkResolver.cpp, line 773]
Event: 3.224 Thread 0x000001d2a541eba0 Exception <a 'java/lang/NoSuchMethodError'{0x00000000eaea7c40}: 'int java.lang.invoke.DirectMethodHandle$Holder.invokeStaticInit(java.lang.Object, java.lang.Object)'> (0x00000000eaea7c40) 
thrown [s\src\hotspot\share\interpreter\linkResolver.cpp, line 773]
Event: 4.305 Thread 0x000001d2a541eba0 Exception <a 'java/lang/NoSuchMethodError'{0x00000000eb008918}: 'void java.lang.invoke.DirectMethodHandle$Holder.invokeSpecial(java.lang.Object, java.lang.Object, java.lang.Object)'> (0x00000000eb008918) 
thrown [s\src\hotspot\share\interpreter\linkResolver.cpp, line 773]
Event: 5.058 Thread 0x000001d2a541eba0 Exception <a 'java/lang/NoSuchMethodError'{0x00000000eba02940}: 'int java.lang.invoke.DirectMethodHandle$Holder.invokeVirtual(java.lang.Object, java.lang.Object)'> (0x00000000eba02940) 
thrown [s\src\hotspot\share\interpreter\linkResolver.cpp, line 773]
Event: 5.374 Thread 0x000001d2a541eba0 Exception <a 'java/lang/NoSuchMethodError'{0x00000000ebd6e368}: 'java.lang.Object java.lang.invoke.DirectMethodHandle$Holder.newInvokeSpecial(java.lang.Object, int, java.lang.Object)'> (0x00000000ebd6e368) 
thrown [s\src\hotspot\share\interpreter\linkResolver.cpp, line 773]
Event: 5.499 Thread 0x000001d2a541eba0 Exception <a 'java/lang/NoSuchMethodError'{0x00000000ebeef728}: 'java.lang.Object java.lang.invoke.DirectMethodHandle$Holder.newInvokeSpecial(java.lang.Object, java.lang.Object, java.lang.Object, java.lang.Object, int, java.lang.Object)'> (0x00000000ebeef728) 
thrown [s\src\hotspot\share\interpreter\linkResolver.cpp, line 773]
Event: 5.894 Thread 0x000001d2a541eba0 Exception <a 'java/lang/UnsatisfiedLinkError'{0x00000000ec38b818}: 'void org.eclipse.equinox.launcher.JNIBridge._update_splash()'> (0x00000000ec38b818) 
thrown [s\src\hotspot\share\prims\nativeLookup.cpp, line 415]

ZGC Phase Switch (0 events):
No events

VM Operations (20 events):
Event: 1.837 Executing VM operation: HandshakeAllThreads (Deoptimize)
Event: 1.837 Executing VM operation: HandshakeAllThreads (Deoptimize) done
Event: 1.862 Executing VM operation: HandshakeAllThreads (Deoptimize)
Event: 1.863 Executing VM operation: HandshakeAllThreads (Deoptimize) done
Event: 2.507 Executing VM operation: HandshakeAllThreads (Deoptimize)
Event: 2.507 Executing VM operation: HandshakeAllThreads (Deoptimize) done
Event: 2.740 Executing VM operation: ParallelGCFailedAllocation (Allocation Failure)
Event: 2.754 Executing VM operation: ParallelGCFailedAllocation (Allocation Failure) done
Event: 3.756 Executing VM operation: Cleanup
Event: 3.756 Executing VM operation: Cleanup done
Event: 4.766 Executing VM operation: Cleanup
Event: 4.767 Executing VM operation: Cleanup done
Event: 5.294 Executing VM operation: HandshakeAllThreads (Deoptimize)
Event: 5.309 Executing VM operation: HandshakeAllThreads (Deoptimize) done
Event: 5.332 Executing VM operation: HandshakeAllThreads (Deoptimize)
Event: 5.332 Executing VM operation: HandshakeAllThreads (Deoptimize) done
Event: 5.493 Executing VM operation: HandshakeAllThreads (Deoptimize)
Event: 5.493 Executing VM operation: HandshakeAllThreads (Deoptimize) done
Event: 5.903 Executing VM operation: ParallelGCFailedAllocation (Allocation Failure)
Event: 5.916 Executing VM operation: ParallelGCFailedAllocation (Allocation Failure) done

Memory protections (0 events):
No events

Nmethod flushes (0 events):
No events

Events (20 events):
Event: 0.143 Thread 0x000001d2a541eba0 Thread added: 0x000001d2a54cda60
Event: 0.151 Thread 0x000001d2a541eba0 Thread added: 0x000001d2fbd4a8d0
Event: 0.242 Thread 0x000001d2a541eba0 Thread added: 0x000001d2fbddd7c0
Event: 1.218 Thread 0x000001d2a541eba0 Thread added: 0x000001d2fc064bf0
Event: 1.798 Thread 0x000001d2fbd4a8d0 Thread added: 0x000001d2fc06ef90
Event: 1.830 Thread 0x000001d2a54cda60 Thread added: 0x000001d2fc0a8e90
Event: 2.057 Thread 0x000001d2fc0a8e90 Thread exited: 0x000001d2fc0a8e90
Event: 2.184 Thread 0x000001d2fc06ef90 Thread exited: 0x000001d2fc06ef90
Event: 2.237 Thread 0x000001d2a54cda60 Thread added: 0x000001d2fd15e650
Event: 2.708 Thread 0x000001d2fd15e650 Thread exited: 0x000001d2fd15e650
Event: 4.303 Thread 0x000001d2fbd4a8d0 Thread added: 0x000001d2fcd2ec00
Event: 4.497 Thread 0x000001d2fcd2ec00 Thread exited: 0x000001d2fcd2ec00
Event: 4.587 Thread 0x000001d2fbd4a8d0 Thread added: 0x000001d2fcee2f30
Event: 4.587 Thread 0x000001d2fbd4a8d0 Thread added: 0x000001d2fceff980
Event: 5.255 Thread 0x000001d2fceff980 Thread exited: 0x000001d2fceff980
Event: 5.261 Thread 0x000001d2a541eba0 Thread added: 0x000001d2fceff980
Event: 5.386 Thread 0x000001d2fcee2f30 Thread exited: 0x000001d2fcee2f30
Event: 5.888 Thread 0x000001d2a541eba0 Thread added: 0x000001d2fd579110
Event: 6.009 Thread 0x000001d2fd579110 Thread added: 0x000001d2fd3ff000
Event: 6.032 Thread 0x000001d2a541eba0 Thread added: 0x000001d2fd46db20


Dynamic libraries:
0x00007ff761e40000 - 0x00007ff761e4e000 	c:\Users\rojas\.vscode\extensions\redhat.java-1.42.0-win32-x64\jre\21.0.7-win32-x86_64\bin\java.exe
0x00007ff916ce0000 - 0x00007ff916f46000 	C:\WINDOWS\SYSTEM32\ntdll.dll
0x00007ff916ad0000 - 0x00007ff916b99000 	C:\WINDOWS\System32\KERNEL32.DLL
0x00007ff913e70000 - 0x00007ff91423c000 	C:\WINDOWS\System32\KERNELBASE.dll
0x00007ff914810000 - 0x00007ff91495b000 	C:\WINDOWS\System32\ucrtbase.dll
0x00007ff8d6620000 - 0x00007ff8d6638000 	c:\Users\rojas\.vscode\extensions\redhat.java-1.42.0-win32-x64\jre\21.0.7-win32-x86_64\bin\jli.dll
0x00007ff8c2500000 - 0x00007ff8c251e000 	c:\Users\rojas\.vscode\extensions\redhat.java-1.42.0-win32-x64\jre\21.0.7-win32-x86_64\bin\VCRUNTIME140.dll
0x00007ff9168b0000 - 0x00007ff916a7a000 	C:\WINDOWS\System32\USER32.dll
0x00007ff9145c0000 - 0x00007ff9145e7000 	C:\WINDOWS\System32\win32u.dll
0x00007ff916a80000 - 0x00007ff916aab000 	C:\WINDOWS\System32\GDI32.dll
0x00007ff8f12f0000 - 0x00007ff8f158a000 	C:\WINDOWS\WinSxS\amd64_microsoft.windows.common-controls_6595b64144ccf1df_6.0.26100.3912_none_3e07963ce335137e\COMCTL32.dll
0x00007ff914960000 - 0x00007ff914a92000 	C:\WINDOWS\System32\gdi32full.dll
0x00007ff914480000 - 0x00007ff914523000 	C:\WINDOWS\System32\msvcp_win.dll
0x00007ff916720000 - 0x00007ff9167c9000 	C:\WINDOWS\System32\msvcrt.dll
0x00007ff916ba0000 - 0x00007ff916bd0000 	C:\WINDOWS\System32\IMM32.DLL
0x00007ff8f6550000 - 0x00007ff8f655c000 	c:\Users\rojas\.vscode\extensions\redhat.java-1.42.0-win32-x64\jre\21.0.7-win32-x86_64\bin\vcruntime140_1.dll
0x00007ff8ba1c0000 - 0x00007ff8ba24d000 	c:\Users\rojas\.vscode\extensions\redhat.java-1.42.0-win32-x64\jre\21.0.7-win32-x86_64\bin\msvcp140.dll
0x00007ff86f080000 - 0x00007ff86fe10000 	c:\Users\rojas\.vscode\extensions\redhat.java-1.42.0-win32-x64\jre\21.0.7-win32-x86_64\bin\server\jvm.dll
0x00007ff916be0000 - 0x00007ff916c92000 	C:\WINDOWS\System32\ADVAPI32.dll
0x00007ff916800000 - 0x00007ff9168a6000 	C:\WINDOWS\System32\sechost.dll
0x00007ff9151d0000 - 0x00007ff9152e6000 	C:\WINDOWS\System32\RPCRT4.dll
0x00007ff9155c0000 - 0x00007ff915634000 	C:\WINDOWS\System32\WS2_32.dll
0x00007ff9137c0000 - 0x00007ff91381e000 	C:\WINDOWS\SYSTEM32\POWRPROF.dll
0x00007ff909b80000 - 0x00007ff909b8b000 	C:\WINDOWS\SYSTEM32\VERSION.dll
0x00007ff90a290000 - 0x00007ff90a2c6000 	C:\WINDOWS\SYSTEM32\WINMM.dll
0x00007ff9137a0000 - 0x00007ff9137b4000 	C:\WINDOWS\SYSTEM32\UMPDC.dll
0x00007ff912c00000 - 0x00007ff912c1a000 	C:\WINDOWS\SYSTEM32\kernel.appcore.dll
0x00007ff8f64f0000 - 0x00007ff8f64fa000 	c:\Users\rojas\.vscode\extensions\redhat.java-1.42.0-win32-x64\jre\21.0.7-win32-x86_64\bin\jimage.dll
0x00007ff911480000 - 0x00007ff9116c1000 	C:\WINDOWS\SYSTEM32\DBGHELP.DLL
0x00007ff915ac0000 - 0x00007ff915e44000 	C:\WINDOWS\System32\combase.dll
0x00007ff915760000 - 0x00007ff915840000 	C:\WINDOWS\System32\OLEAUT32.dll
0x00007ff8ecfe0000 - 0x00007ff8ed019000 	C:\WINDOWS\SYSTEM32\dbgcore.DLL
0x00007ff914770000 - 0x00007ff914809000 	C:\WINDOWS\System32\bcryptPrimitives.dll
0x00007ff8f6490000 - 0x00007ff8f649f000 	c:\Users\rojas\.vscode\extensions\redhat.java-1.42.0-win32-x64\jre\21.0.7-win32-x86_64\bin\instrument.dll
0x00007ff8c0d70000 - 0x00007ff8c0d8f000 	c:\Users\rojas\.vscode\extensions\redhat.java-1.42.0-win32-x64\jre\21.0.7-win32-x86_64\bin\java.dll
0x00007ff914aa0000 - 0x00007ff9151cd000 	C:\WINDOWS\System32\SHELL32.dll
0x00007ff9145f0000 - 0x00007ff914764000 	C:\WINDOWS\System32\wintypes.dll
0x00007ff911ac0000 - 0x00007ff912316000 	C:\WINDOWS\SYSTEM32\windows.storage.dll
0x00007ff9162e0000 - 0x00007ff9163cf000 	C:\WINDOWS\System32\SHCORE.dll
0x00007ff915660000 - 0x00007ff9156c9000 	C:\WINDOWS\System32\shlwapi.dll
0x00007ff913d80000 - 0x00007ff913daf000 	C:\WINDOWS\SYSTEM32\profapi.dll
0x00007ff8bf210000 - 0x00007ff8bf228000 	c:\Users\rojas\.vscode\extensions\redhat.java-1.42.0-win32-x64\jre\21.0.7-win32-x86_64\bin\zip.dll
0x00007ff8f5770000 - 0x00007ff8f5780000 	C:\Users\rojas\.vscode\extensions\redhat.java-1.42.0-win32-x64\jre\21.0.7-win32-x86_64\bin\net.dll
0x00007ff90cc10000 - 0x00007ff90cd2e000 	C:\WINDOWS\SYSTEM32\WINHTTP.dll
0x00007ff913180000 - 0x00007ff9131ea000 	C:\WINDOWS\system32\mswsock.dll
0x00007ff8c0b70000 - 0x00007ff8c0b86000 	C:\Users\rojas\.vscode\extensions\redhat.java-1.42.0-win32-x64\jre\21.0.7-win32-x86_64\bin\nio.dll
0x00007ff8d8510000 - 0x00007ff8d8520000 	c:\Users\rojas\.vscode\extensions\redhat.java-1.42.0-win32-x64\jre\21.0.7-win32-x86_64\bin\verify.dll
0x00007ff8b8660000 - 0x00007ff8b86a5000 	C:\Users\rojas\AppData\Roaming\Code\User\globalStorage\redhat.java\1.42.0\config_win\org.eclipse.equinox.launcher\org.eclipse.equinox.launcher.win32.win32.x86_64_1.2.1300.v20250331-1702\eclipse_11911.dll
0x00007ff916460000 - 0x00007ff9165ff000 	C:\WINDOWS\System32\ole32.dll

dbghelp: loaded successfully - version: 4.0.5 - missing functions: none
symbol engine: initialized successfully - sym options: 0x614 - pdb path: .;c:\Users\rojas\.vscode\extensions\redhat.java-1.42.0-win32-x64\jre\21.0.7-win32-x86_64\bin;C:\WINDOWS\SYSTEM32;C:\WINDOWS\WinSxS\amd64_microsoft.windows.common-controls_6595b64144ccf1df_6.0.26100.3912_none_3e07963ce335137e;c:\Users\rojas\.vscode\extensions\redhat.java-1.42.0-win32-x64\jre\21.0.7-win32-x86_64\bin\server;C:\Users\rojas\AppData\Roaming\Code\User\globalStorage\redhat.java\1.42.0\config_win\org.eclipse.equinox.launcher\org.eclipse.equinox.launcher.win32.win32.x86_64_1.2.1300.v20250331-1702

VM Arguments:
jvm_args: --add-modules=ALL-SYSTEM --add-opens=java.base/java.util=ALL-UNNAMED --add-opens=java.base/java.lang=ALL-UNNAMED --add-opens=java.base/sun.nio.fs=ALL-UNNAMED -Declipse.application=org.eclipse.jdt.ls.core.id1 -Dosgi.bundles.defaultStartLevel=4 -Declipse.product=org.eclipse.jdt.ls.core.product -Djava.import.generatesMetadataFilesAtProjectRoot=false -DDetectVMInstallationsJob.disabled=true -Dfile.encoding=utf8 -XX:+UseParallelGC -XX:GCTimeRatio=4 -XX:AdaptiveSizePolicyWeight=90 -Dsun.zip.disableMemoryMapping=true -Xmx1G -Xms100m -Xlog:disable -javaagent:c:\Users\rojas\.vscode\extensions\redhat.java-1.42.0-win32-x64\lombok\lombok-1.18.36.jar -XX:+HeapDumpOnOutOfMemoryError -XX:HeapDumpPath=c:\Users\rojas\AppData\Roaming\Code\User\workspaceStorage\bd24c3acd4f3adb2521aed7918b5d10d\redhat.java -Daether.dependencyCollector.impl=bf 
java_command: c:\Users\rojas\.vscode\extensions\redhat.java-1.42.0-win32-x64\server\plugins\org.eclipse.equinox.launcher_1.7.0.v20250424-1814.jar -configuration c:\Users\rojas\AppData\Roaming\Code\User\globalStorage\redhat.java\1.42.0\config_win -data c:\Users\rojas\AppData\Roaming\Code\User\workspaceStorage\bd24c3acd4f3adb2521aed7918b5d10d\redhat.java\jdt_ws --pipe=\\.\pipe\lsp-28e7942f14a35e147462f7e5eff92b3d-sock
java_class_path (initial): c:\Users\rojas\.vscode\extensions\redhat.java-1.42.0-win32-x64\server\plugins\org.eclipse.equinox.launcher_1.7.0.v20250424-1814.jar
Launcher Type: SUN_STANDARD

[Global flags]
    uintx AdaptiveSizePolicyWeight                 = 90                                        {product} {command line}
     intx CICompilerCount                          = 4                                         {product} {ergonomic}
    uintx GCTimeRatio                              = 4                                         {product} {command line}
     bool HeapDumpOnOutOfMemoryError               = true                                   {manageable} {command line}
    ccstr HeapDumpPath                             = c:\Users\rojas\AppData\Roaming\Code\User\workspaceStorage\bd24c3acd4f3adb2521aed7918b5d10d\redhat.java         {manageable} {command line}
   size_t InitialHeapSize                          = 104857600                                 {product} {command line}
   size_t MaxHeapSize                              = 1073741824                                {product} {command line}
   size_t MaxNewSize                               = 357564416                                 {product} {ergonomic}
   size_t MinHeapDeltaBytes                        = 524288                                    {product} {ergonomic}
   size_t MinHeapSize                              = 104857600                                 {product} {command line}
   size_t NewSize                                  = 34603008                                  {product} {ergonomic}
    uintx NonNMethodCodeHeapSize                   = 5839372                                {pd product} {ergonomic}
    uintx NonProfiledCodeHeapSize                  = 122909434                              {pd product} {ergonomic}
   size_t OldSize                                  = 70254592                                  {product} {ergonomic}
    uintx ProfiledCodeHeapSize                     = 122909434                              {pd product} {ergonomic}
    uintx ReservedCodeCacheSize                    = 251658240                              {pd product} {ergonomic}
     bool SegmentedCodeCache                       = true                                      {product} {ergonomic}
   size_t SoftMaxHeapSize                          = 1073741824                             {manageable} {ergonomic}
     bool UseCompressedOops                        = true                           {product lp64_product} {ergonomic}
     bool UseLargePagesIndividualAllocation        = false                                  {pd product} {ergonomic}
     bool UseParallelGC                            = true                                      {product} {command line}

Logging:
Log output configuration:
 #0: stdout all=off uptime,level,tags foldmultilines=false
 #1: stderr all=off uptime,level,tags foldmultilines=false

Environment Variables:
JAVA_HOME=C:\Program Files\Java\jre-1.8
PATH=C:\Python313\Scripts\;C:\Python313\;C:\Program Files\Common Files\Oracle\Java\javapath;C:\Program Files (x86)\Common Files\Oracle\Java\java8path;C:\Program Files (x86)\Common Files\Oracle\Java\javapath;C:\WINDOWS.X64_193000_db_home\bin;C:\windows\system32;C:\windows;C:\windows\System32\Wbem;C:\windows\System32\WindowsPowerShell\v1.0\;C:\windows\System32\OpenSSH\;C:\Program Files (x86)\NVIDIA Corporation\PhysX\Common;C:\Program Files\NVIDIA Corporation\NVIDIA NvDLISR;C:\WINDOWS\system32;C:\WINDOWS;C:\WINDOWS\System32\Wbem;C:\WINDOWS\System32\WindowsPowerShell\v1.0\;C:\WINDOWS\System32\OpenSSH\;C:\Program Files\HP\HP One Agent;C:\Program Files\Java\jre-1.8\bin;%M2_HOME%\bin;C:\WINDOWS.X64_193000_db_home\network\admin;C:\Program Files\dotnet\;C:\Program Files\Microsoft SQL Server\150\Tools\Binn\;C:\Program Files\Microsoft SQL Server\Client SDK\ODBC\170\Tools\Binn\;C:\WINDOWS\system32;C:\WINDOWS;C:\WINDOWS\System32\Wbem;C:\WINDOWS\System32\WindowsPowerShell\v1.0\;C:\WINDOWS\System32\OpenSSH\;C:\Program Files (x86)\Microsoft SQL Server\160\Tools\Binn\;C:\Program Files\Microsoft SQL Server\160\Tools\Binn\;C:\Program Files\Microsoft SQL Server\160\DTS\Binn\;C:\Program Files\nodejs\;C:\ProgramData\chocolatey\bin;C:\Program Files (x86)\Microsoft SQL Server\160\DTS\Binn\;C:\Program Files\Git\cmd;C:\Users\rojas\AppData\Roaming\Python\Python313\site-packages\django\contrib\admin;C:\instantclient-basic-windows.x64-23.5.0.24.07\instantclient_23_5;C:\Users\rojas\AppData\Local\Microsoft\WindowsApps;C:\Users\rojas\AppData\Local\Programs\Microsoft VS Code\bin;C:\Program Files\JetBrains\IntelliJ IDEA Community Edition 2024.3.1.1\bin;C:\Users\rojas\AppData\Local\reflex\bun\bin;C:\Users\rojas\AppData\Local\GitHubDesktop\bin;C:\Users\rojas\.dotnet\tools;C:\Users\rojas\AppData\Roaming\npm;C:\Program Files\MongoDB\mongosh\
USERNAME=rojas
OS=Windows_NT
PROCESSOR_IDENTIFIER=Intel64 Family 6 Model 141 Stepping 1, GenuineIntel
TMP=C:\Users\rojas\AppData\Local\Temp
TEMP=C:\Users\rojas\AppData\Local\Temp




Periodic native trim disabled

---------------  S Y S T E M  ---------------

OS:
 Windows 11 , 64 bit Build 26100 (10.0.26100.3912)
OS uptime: 0 days 23:27 hours
Hyper-V role detected

CPU: total 12 (initial active 12) (6 cores per cpu, 2 threads per core) family 6 model 141 stepping 1 microcode 0x4e, cx8, cmov, fxsr, ht, mmx, 3dnowpref, sse, sse2, sse3, ssse3, sse4.1, sse4.2, popcnt, lzcnt, tsc, tscinvbit, avx, avx2, aes, erms, clmul, bmi1, bmi2, adx, avx512f, avx512dq, avx512cd, avx512bw, avx512vl, sha, fma, vzeroupper, avx512_vpopcntdq, avx512_vpclmulqdq, avx512_vaes, avx512_vnni, clflush, clflushopt, clwb, avx512_vbmi2, avx512_vbmi, hv, rdtscp, rdpid, fsrm, gfni, avx512_bitalg, f16c, cet_ibt, cet_ss, avx512_ifma
Processor Information for the first 12 processors :
  Max Mhz: 2688, Current Mhz: 2688, Mhz Limit: 2688

Memory: 4k page, system-wide physical 7830M (920M free)
TotalPageFile size 31148M (AvailPageFile size 51M)
current process WorkingSet (physical memory assigned to process): 99M, peak: 99M
current process commit charge ("private bytes"): 216M, peak: 216M

vm_info: OpenJDK 64-Bit Server VM (21.0.7+6-LTS) for windows-amd64 JRE (21.0.7+6-LTS), built on 2025-04-15T00:00:00Z by "admin" with MS VC++ 17.7 (VS2022)

END.
